{"/home/travis/build/npmtest/node-npmtest-vorpal/test.js":{"path":"/home/travis/build/npmtest/node-npmtest-vorpal/test.js","s":{"1":2,"2":2,"3":2,"4":2,"5":2,"6":2,"7":2,"8":1,"9":2,"10":2,"11":1,"12":1,"13":1,"14":1,"15":2,"16":2,"17":2,"18":2,"19":1,"20":1,"21":2,"22":2,"23":2,"24":1,"25":1,"26":1,"27":1,"28":1,"29":1,"30":1,"31":1,"32":1,"33":1,"34":1,"35":1,"36":1,"37":1,"38":1,"39":2,"40":2,"41":1,"42":2,"43":2,"44":1,"45":2,"46":2,"47":1,"48":2,"49":2,"50":1,"51":1,"52":1,"53":1,"54":1},"b":{"1":[2,1,1,1],"2":[1,1,1,1],"3":[1,1],"4":[1,1],"5":[1,1],"6":[1,1],"7":[1,1],"8":[1,1],"9":[1,1],"10":[1,1,1],"11":[1,1],"12":[1,1],"13":[1,1],"14":[1,1],"15":[1,1],"16":[1,1],"17":[1,1]},"f":{"1":2,"2":2,"3":2,"4":2,"5":2,"6":1,"7":1,"8":1,"9":2,"10":2,"11":2,"12":2,"13":1},"fnMap":{"1":{"name":"(anonymous_1)","line":12,"loc":{"start":{"line":12,"column":1},"end":{"line":12,"column":13}}},"2":{"name":"(anonymous_2)","line":19,"loc":{"start":{"line":19,"column":5},"end":{"line":19,"column":17}}},"3":{"name":"(anonymous_3)","line":23,"loc":{"start":{"line":23,"column":24},"end":{"line":23,"column":36}}},"4":{"name":"(anonymous_4)","line":61,"loc":{"start":{"line":61,"column":5},"end":{"line":61,"column":17}}},"5":{"name":"(anonymous_5)","line":82,"loc":{"start":{"line":82,"column":5},"end":{"line":82,"column":17}}},"6":{"name":"(anonymous_6)","line":91,"loc":{"start":{"line":91,"column":77},"end":{"line":94,"column":10}}},"7":{"name":"(anonymous_7)","line":112,"loc":{"start":{"line":112,"column":83},"end":{"line":115,"column":10}},"skip":true},"8":{"name":"(anonymous_8)","line":123,"loc":{"start":{"line":123,"column":77},"end":{"line":126,"column":10}},"skip":true},"9":{"name":"(anonymous_9)","line":139,"loc":{"start":{"line":139,"column":12},"end":{"line":139,"column":40}},"skip":true},"10":{"name":"(anonymous_10)","line":147,"loc":{"start":{"line":147,"column":77},"end":{"line":150,"column":10}},"skip":true},"11":{"name":"(anonymous_11)","line":158,"loc":{"start":{"line":158,"column":83},"end":{"line":161,"column":10}},"skip":true},"12":{"name":"(anonymous_12)","line":169,"loc":{"start":{"line":169,"column":79},"end":{"line":172,"column":10}},"skip":true},"13":{"name":"(anonymous_13)","line":180,"loc":{"start":{"line":180,"column":75},"end":{"line":183,"column":10}},"skip":true}},"statementMap":{"1":{"start":{"line":12,"column":0},"end":{"line":195,"column":5}},"2":{"start":{"line":14,"column":4},"end":{"line":14,"column":14}},"3":{"start":{"line":19,"column":4},"end":{"line":56,"column":9}},"4":{"start":{"line":21,"column":8},"end":{"line":21,"column":19}},"5":{"start":{"line":23,"column":8},"end":{"line":35,"column":13}},"6":{"start":{"line":24,"column":12},"end":{"line":34,"column":13}},"7":{"start":{"line":25,"column":16},"end":{"line":28,"column":30}},"8":{"start":{"line":30,"column":16},"end":{"line":33,"column":27}},"9":{"start":{"line":37,"column":8},"end":{"line":39,"column":21}},"10":{"start":{"line":40,"column":8},"end":{"line":53,"column":9}},"11":{"start":{"line":43,"column":12},"end":{"line":46,"column":14}},"12":{"start":{"line":47,"column":12},"end":{"line":47,"column":18}},"13":{"start":{"line":50,"column":12},"end":{"line":51,"column":46}},"14":{"start":{"line":52,"column":12},"end":{"line":52,"column":18}},"15":{"start":{"line":55,"column":8},"end":{"line":55,"column":35}},"16":{"start":{"line":61,"column":4},"end":{"line":63,"column":9}},"17":{"start":{"line":62,"column":8},"end":{"line":62,"column":15}},"18":{"start":{"line":64,"column":4},"end":{"line":77,"column":5}},"19":{"start":{"line":70,"column":8},"end":{"line":70,"column":14}},"20":{"start":{"line":76,"column":8},"end":{"line":76,"column":14}},"21":{"start":{"line":82,"column":4},"end":{"line":84,"column":9}},"22":{"start":{"line":83,"column":8},"end":{"line":83,"column":15}},"23":{"start":{"line":85,"column":4},"end":{"line":194,"column":5}},"24":{"start":{"line":91,"column":8},"end":{"line":99,"column":10}},"25":{"start":{"line":98,"column":12},"end":{"line":98,"column":35}},"26":{"start":{"line":102,"column":8},"end":{"line":104,"column":63}},"27":{"start":{"line":105,"column":8},"end":{"line":105,"column":14}},"28":{"start":{"line":112,"column":8},"end":{"line":121,"column":10},"skip":true},"29":{"start":{"line":119,"column":12},"end":{"line":119,"column":55},"skip":true},"30":{"start":{"line":120,"column":12},"end":{"line":120,"column":48},"skip":true},"31":{"start":{"line":123,"column":8},"end":{"line":136,"column":10},"skip":true},"32":{"start":{"line":130,"column":12},"end":{"line":130,"column":76},"skip":true},"33":{"start":{"line":131,"column":12},"end":{"line":131,"column":73},"skip":true},"34":{"start":{"line":132,"column":12},"end":{"line":132,"column":74},"skip":true},"35":{"start":{"line":133,"column":12},"end":{"line":133,"column":79},"skip":true},"36":{"start":{"line":134,"column":12},"end":{"line":134,"column":25},"skip":true},"37":{"start":{"line":135,"column":12},"end":{"line":135,"column":45},"skip":true},"38":{"start":{"line":138,"column":8},"end":{"line":145,"column":14},"skip":true},"39":{"start":{"line":143,"column":16},"end":{"line":143,"column":29},"skip":true},"40":{"start":{"line":144,"column":16},"end":{"line":144,"column":55},"skip":true},"41":{"start":{"line":147,"column":8},"end":{"line":156,"column":10},"skip":true},"42":{"start":{"line":154,"column":12},"end":{"line":154,"column":25},"skip":true},"43":{"start":{"line":155,"column":12},"end":{"line":155,"column":45},"skip":true},"44":{"start":{"line":158,"column":8},"end":{"line":167,"column":10},"skip":true},"45":{"start":{"line":165,"column":12},"end":{"line":165,"column":25},"skip":true},"46":{"start":{"line":166,"column":12},"end":{"line":166,"column":48},"skip":true},"47":{"start":{"line":169,"column":8},"end":{"line":178,"column":10},"skip":true},"48":{"start":{"line":176,"column":12},"end":{"line":176,"column":25},"skip":true},"49":{"start":{"line":177,"column":12},"end":{"line":177,"column":46},"skip":true},"50":{"start":{"line":180,"column":8},"end":{"line":189,"column":10},"skip":true},"51":{"start":{"line":187,"column":12},"end":{"line":187,"column":94},"skip":true},"52":{"start":{"line":188,"column":12},"end":{"line":188,"column":48},"skip":true},"53":{"start":{"line":192,"column":8},"end":{"line":192,"column":35},"skip":true},"54":{"start":{"line":193,"column":8},"end":{"line":193,"column":14},"skip":true}},"branchMap":{"1":{"line":25,"type":"binary-expr","locations":[{"start":{"line":25,"column":23},"end":{"line":25,"column":62}},{"start":{"line":26,"column":20},"end":{"line":26,"column":70}},{"start":{"line":27,"column":20},"end":{"line":27,"column":71}},{"start":{"line":28,"column":20},"end":{"line":28,"column":29}}]},"2":{"line":30,"type":"binary-expr","locations":[{"start":{"line":30,"column":23},"end":{"line":30,"column":37}},{"start":{"line":31,"column":20},"end":{"line":31,"column":61}},{"start":{"line":32,"column":20},"end":{"line":32,"column":70}},{"start":{"line":33,"column":20},"end":{"line":33,"column":26}}]},"3":{"line":37,"type":"cond-expr","locations":[{"start":{"line":38,"column":14},"end":{"line":38,"column":20}},{"start":{"line":39,"column":14},"end":{"line":39,"column":20}}]},"4":{"line":40,"type":"switch","locations":[{"start":{"line":42,"column":8},"end":{"line":47,"column":18}},{"start":{"line":49,"column":8},"end":{"line":52,"column":18}}]},"5":{"line":44,"type":"binary-expr","locations":[{"start":{"line":44,"column":16},"end":{"line":44,"column":44}},{"start":{"line":44,"column":48},"end":{"line":44,"column":66}}]},"6":{"line":50,"type":"binary-expr","locations":[{"start":{"line":50,"column":21},"end":{"line":50,"column":49}},{"start":{"line":50,"column":53},"end":{"line":50,"column":72}}]},"7":{"line":64,"type":"switch","locations":[{"start":{"line":69,"column":4},"end":{"line":70,"column":14}},{"start":{"line":75,"column":4},"end":{"line":76,"column":14}}]},"8":{"line":85,"type":"switch","locations":[{"start":{"line":90,"column":4},"end":{"line":105,"column":14}},{"start":{"line":111,"column":4},"end":{"line":193,"column":14},"skip":true}]},"9":{"line":91,"type":"binary-expr","locations":[{"start":{"line":91,"column":42},"end":{"line":91,"column":73}},{"start":{"line":91,"column":77},"end":{"line":99,"column":9}}]},"10":{"line":102,"type":"binary-expr","locations":[{"start":{"line":102,"column":18},"end":{"line":102,"column":32}},{"start":{"line":103,"column":12},"end":{"line":103,"column":53}},{"start":{"line":104,"column":12},"end":{"line":104,"column":61}}]},"11":{"line":112,"type":"binary-expr","locations":[{"start":{"line":112,"column":45},"end":{"line":112,"column":79},"skip":true},{"start":{"line":112,"column":83},"end":{"line":121,"column":9},"skip":true}]},"12":{"line":123,"type":"binary-expr","locations":[{"start":{"line":123,"column":42},"end":{"line":123,"column":73},"skip":true},{"start":{"line":123,"column":77},"end":{"line":136,"column":9},"skip":true}]},"13":{"line":138,"type":"binary-expr","locations":[{"start":{"line":138,"column":48},"end":{"line":138,"column":85},"skip":true},{"start":{"line":139,"column":12},"end":{"line":145,"column":13},"skip":true}]},"14":{"line":147,"type":"binary-expr","locations":[{"start":{"line":147,"column":42},"end":{"line":147,"column":73},"skip":true},{"start":{"line":147,"column":77},"end":{"line":156,"column":9},"skip":true}]},"15":{"line":158,"type":"binary-expr","locations":[{"start":{"line":158,"column":45},"end":{"line":158,"column":79},"skip":true},{"start":{"line":158,"column":83},"end":{"line":167,"column":9},"skip":true}]},"16":{"line":169,"type":"binary-expr","locations":[{"start":{"line":169,"column":43},"end":{"line":169,"column":75},"skip":true},{"start":{"line":169,"column":79},"end":{"line":178,"column":9},"skip":true}]},"17":{"line":180,"type":"binary-expr","locations":[{"start":{"line":180,"column":41},"end":{"line":180,"column":71},"skip":true},{"start":{"line":180,"column":75},"end":{"line":189,"column":9},"skip":true}]}},"code":["/* istanbul instrument in package npmtest_vorpal */","/*jslint","    bitwise: true,","    browser: true,","    maxerr: 8,","    maxlen: 96,","    node: true,","    nomen: true,","    regexp: true,","    stupid: true","*/","(function () {","    'use strict';","    var local;","","","","    // run shared js-env code - pre-init","    (function () {","        // init local","        local = {};","        // init modeJs","        local.modeJs = (function () {","            try {","                return typeof navigator.userAgent === 'string' &&","                    typeof document.querySelector('body') === 'object' &&","                    typeof XMLHttpRequest.prototype.open === 'function' &&","                    'browser';","            } catch (errorCaughtBrowser) {","                return module.exports &&","                    typeof process.versions.node === 'string' &&","                    typeof require('http').createServer === 'function' &&","                    'node';","            }","        }());","        // init global","        local.global = local.modeJs === 'browser'","            ? window","            : global;","        switch (local.modeJs) {","        // re-init local from window.local","        case 'browser':","            local = local.global.utility2.objectSetDefault(","                local.global.utility2_rollup || local.global.local,","                local.global.utility2","            );","            break;","        // re-init local from example.js","        case 'node':","            local = (local.global.utility2_rollup || require('utility2'))","                .requireExampleJsFromReadme();","            break;","        }","        // export local","        local.global.local = local;","    }());","","","","    // run shared js-env code - function","    (function () {","        return;","    }());","    switch (local.modeJs) {","","","","    // run browser js-env code - function","    case 'browser':","        break;","","","","    // run node js-env code - function","    case 'node':","        break;","    }","","","","    // run shared js-env code - post-init","    (function () {","        return;","    }());","    switch (local.modeJs) {","","","","    // run browser js-env code - post-init","    case 'browser':","        local.testCase_browser_nullCase = local.testCase_browser_nullCase || function (","            options,","            onError","        ) {","        /*","         * this function will test browsers's null-case handling-behavior-behavior","         */","            onError(null, options);","        };","","        // run tests","        local.nop(local.modeTest &&","            document.querySelector('#testRunButton1') &&","            document.querySelector('#testRunButton1').click());","        break;","","","","    // run node js-env code - post-init","    /* istanbul ignore next */","    case 'node':","        local.testCase_buildApidoc_default = local.testCase_buildApidoc_default || function (","            options,","            onError","        ) {","        /*","         * this function will test buildApidoc's default handling-behavior-behavior","         */","            options = { modulePathList: module.paths };","            local.buildApidoc(options, onError);","        };","","        local.testCase_buildApp_default = local.testCase_buildApp_default || function (","            options,","            onError","        ) {","        /*","         * this function will test buildApp's default handling-behavior-behavior","         */","            local.testCase_buildReadme_default(options, local.onErrorThrow);","            local.testCase_buildLib_default(options, local.onErrorThrow);","            local.testCase_buildTest_default(options, local.onErrorThrow);","            local.testCase_buildCustomOrg_default(options, local.onErrorThrow);","            options = [];","            local.buildApp(options, onError);","        };","","        local.testCase_buildCustomOrg_default = local.testCase_buildCustomOrg_default ||","            function (options, onError) {","            /*","             * this function will test buildCustomOrg's default handling-behavior","             */","                options = {};","                local.buildCustomOrg(options, onError);","            };","","        local.testCase_buildLib_default = local.testCase_buildLib_default || function (","            options,","            onError","        ) {","        /*","         * this function will test buildLib's default handling-behavior","         */","            options = {};","            local.buildLib(options, onError);","        };","","        local.testCase_buildReadme_default = local.testCase_buildReadme_default || function (","            options,","            onError","        ) {","        /*","         * this function will test buildReadme's default handling-behavior-behavior","         */","            options = {};","            local.buildReadme(options, onError);","        };","","        local.testCase_buildTest_default = local.testCase_buildTest_default || function (","            options,","            onError","        ) {","        /*","         * this function will test buildTest's default handling-behavior","         */","            options = {};","            local.buildTest(options, onError);","        };","","        local.testCase_webpage_default = local.testCase_webpage_default || function (","            options,","            onError","        ) {","        /*","         * this function will test webpage's default handling-behavior","         */","            options = { modeCoverageMerge: true, url: local.serverLocalHost + '?modeTest=1' };","            local.browserTest(options, onError);","        };","","        // run test-server","        local.testRunServer(local);","        break;","    }","}());",""],"l":{"12":2,"14":2,"19":2,"21":2,"23":2,"24":2,"25":2,"30":1,"37":2,"40":2,"43":1,"47":1,"50":1,"52":1,"55":2,"61":2,"62":2,"64":2,"70":1,"76":1,"82":2,"83":2,"85":2,"91":1,"98":1,"102":1,"105":1,"112":1,"119":1,"120":1,"123":1,"130":1,"131":1,"132":1,"133":1,"134":1,"135":1,"138":1,"143":2,"144":2,"147":1,"154":2,"155":2,"158":1,"165":2,"166":2,"169":1,"176":2,"177":2,"180":1,"187":1,"188":1,"192":1,"193":1}},"/home/travis/build/npmtest/node-npmtest-vorpal/lib.npmtest_vorpal.js":{"path":"/home/travis/build/npmtest/node-npmtest-vorpal/lib.npmtest_vorpal.js","s":{"1":2,"2":2,"3":2,"4":2,"5":2,"6":2,"7":2,"8":1,"9":2,"10":2,"11":2,"12":2,"13":1,"14":1,"15":1,"16":1},"b":{"1":[2,1,1,1],"2":[1,1,1,1],"3":[1,1],"4":[2,2],"5":[1,1]},"f":{"1":2,"2":2,"3":2},"fnMap":{"1":{"name":"(anonymous_1)","line":12,"loc":{"start":{"line":12,"column":1},"end":{"line":12,"column":13}}},"2":{"name":"(anonymous_2)","line":19,"loc":{"start":{"line":19,"column":5},"end":{"line":19,"column":17}}},"3":{"name":"(anonymous_3)","line":23,"loc":{"start":{"line":23,"column":24},"end":{"line":23,"column":36}}}},"statementMap":{"1":{"start":{"line":12,"column":0},"end":{"line":53,"column":5}},"2":{"start":{"line":14,"column":4},"end":{"line":14,"column":14}},"3":{"start":{"line":19,"column":4},"end":{"line":52,"column":9}},"4":{"start":{"line":21,"column":8},"end":{"line":21,"column":19}},"5":{"start":{"line":23,"column":8},"end":{"line":35,"column":13}},"6":{"start":{"line":24,"column":12},"end":{"line":34,"column":13}},"7":{"start":{"line":25,"column":16},"end":{"line":28,"column":30}},"8":{"start":{"line":30,"column":16},"end":{"line":33,"column":27}},"9":{"start":{"line":37,"column":8},"end":{"line":39,"column":21}},"10":{"start":{"line":41,"column":8},"end":{"line":41,"column":54}},"11":{"start":{"line":43,"column":8},"end":{"line":43,"column":51}},"12":{"start":{"line":45,"column":8},"end":{"line":51,"column":9}},"13":{"start":{"line":46,"column":12},"end":{"line":46,"column":57}},"14":{"start":{"line":48,"column":12},"end":{"line":48,"column":35}},"15":{"start":{"line":49,"column":12},"end":{"line":49,"column":49}},"16":{"start":{"line":50,"column":12},"end":{"line":50,"column":43}}},"branchMap":{"1":{"line":25,"type":"binary-expr","locations":[{"start":{"line":25,"column":23},"end":{"line":25,"column":62}},{"start":{"line":26,"column":20},"end":{"line":26,"column":70}},{"start":{"line":27,"column":20},"end":{"line":27,"column":71}},{"start":{"line":28,"column":20},"end":{"line":28,"column":29}}]},"2":{"line":30,"type":"binary-expr","locations":[{"start":{"line":30,"column":23},"end":{"line":30,"column":37}},{"start":{"line":31,"column":20},"end":{"line":31,"column":61}},{"start":{"line":32,"column":20},"end":{"line":32,"column":70}},{"start":{"line":33,"column":20},"end":{"line":33,"column":26}}]},"3":{"line":37,"type":"cond-expr","locations":[{"start":{"line":38,"column":14},"end":{"line":38,"column":20}},{"start":{"line":39,"column":14},"end":{"line":39,"column":20}}]},"4":{"line":41,"type":"binary-expr","locations":[{"start":{"line":41,"column":16},"end":{"line":41,"column":44}},{"start":{"line":41,"column":48},"end":{"line":41,"column":53}}]},"5":{"line":45,"type":"if","locations":[{"start":{"line":45,"column":8},"end":{"line":45,"column":8}},{"start":{"line":45,"column":8},"end":{"line":45,"column":8}}]}},"code":["/* istanbul instrument in package npmtest_vorpal */","/*jslint","    bitwise: true,","    browser: true,","    maxerr: 8,","    maxlen: 96,","    node: true,","    nomen: true,","    regexp: true,","    stupid: true","*/","(function () {","    'use strict';","    var local;","","","","    // run shared js-env code - pre-init","    (function () {","        // init local","        local = {};","        // init modeJs","        local.modeJs = (function () {","            try {","                return typeof navigator.userAgent === 'string' &&","                    typeof document.querySelector('body') === 'object' &&","                    typeof XMLHttpRequest.prototype.open === 'function' &&","                    'browser';","            } catch (errorCaughtBrowser) {","                return module.exports &&","                    typeof process.versions.node === 'string' &&","                    typeof require('http').createServer === 'function' &&","                    'node';","            }","        }());","        // init global","        local.global = local.modeJs === 'browser'","            ? window","            : global;","        // init utility2_rollup","        local = local.global.utility2_rollup || local;","        // init lib","        local.local = local.npmtest_vorpal = local;","        // init exports","        if (local.modeJs === 'browser') {","            local.global.utility2_npmtest_vorpal = local;","        } else {","            module.exports = local;","            module.exports.__dirname = __dirname;","            module.exports.module = module;","        }","    }());","}());",""],"l":{"12":2,"14":2,"19":2,"21":2,"23":2,"24":2,"25":2,"30":1,"37":2,"41":2,"43":2,"45":2,"46":1,"48":1,"49":1,"50":1}},"/home/travis/build/npmtest/node-npmtest-vorpal/example.js":{"path":"/home/travis/build/npmtest/node-npmtest-vorpal/example.js","s":{"1":2,"2":2,"3":2,"4":2,"5":2,"6":2,"7":2,"8":1,"9":2,"10":2,"11":2,"12":2,"13":1,"14":2,"15":2,"16":2,"17":2,"18":2,"19":0,"20":2,"21":1,"22":1,"23":1,"24":1,"25":1,"26":0,"27":0,"28":1,"29":1,"30":2,"31":0,"32":0,"33":0,"34":1,"35":2,"36":2,"37":3,"38":3,"39":3,"40":3,"41":0,"42":3,"43":3,"44":3,"45":1,"46":3,"47":1,"48":1,"49":1,"50":1,"51":1,"52":1,"53":1,"54":1,"55":1,"56":1,"57":0,"58":1,"59":6,"60":6,"61":1,"62":2,"63":0,"64":2,"65":1,"66":1,"67":0,"68":0,"69":0,"70":0,"71":0,"72":0,"73":0,"74":0,"75":0,"76":0,"77":0,"78":0,"79":0,"80":0,"81":0,"82":0,"83":0},"b":{"1":[2,1,1,1],"2":[1,1,1,1],"3":[1,1],"4":[2,2],"5":[1,1],"6":[1,1],"7":[2,0],"8":[2,1,1,1,1,1],"9":[0,2,0],"10":[1,1],"11":[2,1,1],"12":[1,0],"13":[0,2],"14":[2,0,0,0,0,0,0],"15":[0,3],"16":[3,0],"17":[1,1],"18":[0,1],"19":[1,2,0,2],"20":[1,0],"21":[1,1],"22":[0,0],"23":[0,0],"24":[0,0],"25":[0,0],"26":[0,0],"27":[0,0],"28":[0,0]},"f":{"1":2,"2":2,"3":2,"4":2,"5":2,"6":2,"7":3,"8":3,"9":3,"10":1,"11":6,"12":0},"fnMap":{"1":{"name":"(anonymous_1)","line":26,"loc":{"start":{"line":26,"column":1},"end":{"line":26,"column":13}}},"2":{"name":"(anonymous_2)","line":33,"loc":{"start":{"line":33,"column":5},"end":{"line":33,"column":17}}},"3":{"name":"(anonymous_3)","line":37,"loc":{"start":{"line":37,"column":24},"end":{"line":37,"column":36}}},"4":{"name":"(anonymous_4)","line":69,"loc":{"start":{"line":69,"column":31},"end":{"line":69,"column":48}},"skip":true},"5":{"name":"(anonymous_5)","line":78,"loc":{"start":{"line":78,"column":26},"end":{"line":78,"column":45}},"skip":true},"6":{"name":"(anonymous_6)","line":123,"loc":{"start":{"line":123,"column":33},"end":{"line":123,"column":48}},"skip":true},"7":{"name":"(anonymous_7)","line":125,"loc":{"start":{"line":125,"column":27},"end":{"line":125,"column":39}},"skip":true},"8":{"name":"(anonymous_8)","line":133,"loc":{"start":{"line":133,"column":59},"end":{"line":133,"column":74}},"skip":true},"9":{"name":"(anonymous_9)","line":143,"loc":{"start":{"line":143,"column":45},"end":{"line":143,"column":62}},"skip":true},"10":{"name":"(anonymous_10)","line":144,"loc":{"start":{"line":144,"column":73},"end":{"line":144,"column":92}},"skip":true},"11":{"name":"(anonymous_11)","line":272,"loc":{"start":{"line":272,"column":51},"end":{"line":272,"column":77}},"skip":true},"12":{"name":"(anonymous_12)","line":315,"loc":{"start":{"line":315,"column":32},"end":{"line":315,"column":61}},"skip":true}},"statementMap":{"1":{"start":{"line":26,"column":0},"end":{"line":326,"column":5}},"2":{"start":{"line":28,"column":4},"end":{"line":28,"column":14}},"3":{"start":{"line":33,"column":4},"end":{"line":60,"column":9}},"4":{"start":{"line":35,"column":8},"end":{"line":35,"column":19}},"5":{"start":{"line":37,"column":8},"end":{"line":49,"column":13}},"6":{"start":{"line":38,"column":12},"end":{"line":48,"column":13}},"7":{"start":{"line":39,"column":16},"end":{"line":42,"column":30}},"8":{"start":{"line":44,"column":16},"end":{"line":47,"column":27}},"9":{"start":{"line":51,"column":8},"end":{"line":53,"column":21}},"10":{"start":{"line":55,"column":8},"end":{"line":57,"column":45}},"11":{"start":{"line":59,"column":8},"end":{"line":59,"column":35}},"12":{"start":{"line":61,"column":4},"end":{"line":325,"column":5}},"13":{"start":{"line":69,"column":8},"end":{"line":121,"column":10},"skip":true},"14":{"start":{"line":70,"column":12},"end":{"line":88,"column":13},"skip":true},"15":{"start":{"line":76,"column":16},"end":{"line":87,"column":19},"skip":true},"16":{"start":{"line":79,"column":20},"end":{"line":86,"column":21},"skip":true},"17":{"start":{"line":82,"column":24},"end":{"line":82,"column":43},"skip":true},"18":{"start":{"line":83,"column":24},"end":{"line":83,"column":30},"skip":true},"19":{"start":{"line":85,"column":24},"end":{"line":85,"column":49},"skip":true},"20":{"start":{"line":89,"column":12},"end":{"line":107,"column":13},"skip":true},"21":{"start":{"line":92,"column":16},"end":{"line":102,"column":17},"skip":true},"22":{"start":{"line":93,"column":20},"end":{"line":93,"column":86},"skip":true},"23":{"start":{"line":94,"column":20},"end":{"line":95,"column":45},"skip":true},"24":{"start":{"line":96,"column":20},"end":{"line":96,"column":42},"skip":true},"25":{"start":{"line":97,"column":20},"end":{"line":97,"column":48},"skip":true},"26":{"start":{"line":100,"column":20},"end":{"line":100,"column":85},"skip":true},"27":{"start":{"line":101,"column":20},"end":{"line":101,"column":96},"skip":true},"28":{"start":{"line":103,"column":16},"end":{"line":103,"column":22},"skip":true},"29":{"start":{"line":106,"column":16},"end":{"line":106,"column":22},"skip":true},"30":{"start":{"line":108,"column":12},"end":{"line":120,"column":13},"skip":true},"31":{"start":{"line":114,"column":16},"end":{"line":119,"column":17},"skip":true},"32":{"start":{"line":116,"column":20},"end":{"line":116,"column":78},"skip":true},"33":{"start":{"line":118,"column":20},"end":{"line":118,"column":47},"skip":true},"34":{"start":{"line":123,"column":8},"end":{"line":141,"column":11},"skip":true},"35":{"start":{"line":124,"column":12},"end":{"line":124,"column":54},"skip":true},"36":{"start":{"line":125,"column":12},"end":{"line":140,"column":14},"skip":true},"37":{"start":{"line":126,"column":16},"end":{"line":126,"column":28},"skip":true},"38":{"start":{"line":127,"column":16},"end":{"line":127,"column":69},"skip":true},"39":{"start":{"line":128,"column":16},"end":{"line":128,"column":75},"skip":true},"40":{"start":{"line":129,"column":16},"end":{"line":131,"column":17},"skip":true},"41":{"start":{"line":130,"column":20},"end":{"line":130,"column":27},"skip":true},"42":{"start":{"line":133,"column":16},"end":{"line":137,"column":36},"skip":true},"43":{"start":{"line":134,"column":20},"end":{"line":136,"column":55},"skip":true},"44":{"start":{"line":139,"column":16},"end":{"line":139,"column":57},"skip":true},"45":{"start":{"line":143,"column":8},"end":{"line":147,"column":11},"skip":true},"46":{"start":{"line":144,"column":12},"end":{"line":146,"column":15},"skip":true},"47":{"start":{"line":145,"column":16},"end":{"line":145,"column":70},"skip":true},"48":{"start":{"line":149,"column":8},"end":{"line":149,"column":31},"skip":true},"49":{"start":{"line":150,"column":8},"end":{"line":150,"column":14},"skip":true},"50":{"start":{"line":158,"column":8},"end":{"line":158,"column":31},"skip":true},"51":{"start":{"line":160,"column":8},"end":{"line":160,"column":33},"skip":true},"52":{"start":{"line":161,"column":8},"end":{"line":161,"column":37},"skip":true},"53":{"start":{"line":162,"column":8},"end":{"line":162,"column":35},"skip":true},"54":{"start":{"line":164,"column":8},"end":{"line":164,"column":50},"skip":true},"55":{"start":{"line":166,"column":8},"end":{"line":256,"column":2},"skip":true},"56":{"start":{"line":258,"column":8},"end":{"line":286,"column":9},"skip":true},"57":{"start":{"line":259,"column":12},"end":{"line":269,"column":14},"skip":true},"58":{"start":{"line":271,"column":12},"end":{"line":285,"column":19},"skip":true},"59":{"start":{"line":274,"column":20},"end":{"line":274,"column":35},"skip":true},"60":{"start":{"line":275,"column":20},"end":{"line":284,"column":21},"skip":true},"61":{"start":{"line":277,"column":24},"end":{"line":277,"column":64},"skip":true},"62":{"start":{"line":279,"column":24},"end":{"line":279,"column":40},"skip":true},"63":{"start":{"line":281,"column":24},"end":{"line":281,"column":40},"skip":true},"64":{"start":{"line":283,"column":24},"end":{"line":283,"column":39},"skip":true},"65":{"start":{"line":288,"column":8},"end":{"line":290,"column":9},"skip":true},"66":{"start":{"line":289,"column":12},"end":{"line":289,"column":18},"skip":true},"67":{"start":{"line":291,"column":8},"end":{"line":293,"column":54},"skip":true},"68":{"start":{"line":296,"column":8},"end":{"line":301,"column":37},"skip":true},"69":{"start":{"line":303,"column":8},"end":{"line":303,"column":82},"skip":true},"70":{"start":{"line":306,"column":8},"end":{"line":308,"column":9},"skip":true},"71":{"start":{"line":307,"column":12},"end":{"line":307,"column":82},"skip":true},"72":{"start":{"line":310,"column":8},"end":{"line":312,"column":9},"skip":true},"73":{"start":{"line":311,"column":12},"end":{"line":311,"column":18},"skip":true},"74":{"start":{"line":313,"column":8},"end":{"line":313,"column":54},"skip":true},"75":{"start":{"line":314,"column":8},"end":{"line":314,"column":69},"skip":true},"76":{"start":{"line":315,"column":8},"end":{"line":323,"column":36},"skip":true},"77":{"start":{"line":316,"column":12},"end":{"line":316,"column":61},"skip":true},"78":{"start":{"line":317,"column":12},"end":{"line":320,"column":13},"skip":true},"79":{"start":{"line":318,"column":16},"end":{"line":318,"column":75},"skip":true},"80":{"start":{"line":319,"column":16},"end":{"line":319,"column":23},"skip":true},"81":{"start":{"line":321,"column":12},"end":{"line":321,"column":38},"skip":true},"82":{"start":{"line":322,"column":12},"end":{"line":322,"column":27},"skip":true},"83":{"start":{"line":324,"column":8},"end":{"line":324,"column":14},"skip":true}},"branchMap":{"1":{"line":39,"type":"binary-expr","locations":[{"start":{"line":39,"column":23},"end":{"line":39,"column":62}},{"start":{"line":40,"column":20},"end":{"line":40,"column":70}},{"start":{"line":41,"column":20},"end":{"line":41,"column":71}},{"start":{"line":42,"column":20},"end":{"line":42,"column":29}}]},"2":{"line":44,"type":"binary-expr","locations":[{"start":{"line":44,"column":23},"end":{"line":44,"column":37}},{"start":{"line":45,"column":20},"end":{"line":45,"column":61}},{"start":{"line":46,"column":20},"end":{"line":46,"column":70}},{"start":{"line":47,"column":20},"end":{"line":47,"column":26}}]},"3":{"line":51,"type":"cond-expr","locations":[{"start":{"line":52,"column":14},"end":{"line":52,"column":20}},{"start":{"line":53,"column":14},"end":{"line":53,"column":20}}]},"4":{"line":55,"type":"binary-expr","locations":[{"start":{"line":55,"column":16},"end":{"line":55,"column":44}},{"start":{"line":55,"column":49},"end":{"line":57,"column":43}}]},"5":{"line":55,"type":"cond-expr","locations":[{"start":{"line":56,"column":14},"end":{"line":56,"column":50}},{"start":{"line":57,"column":14},"end":{"line":57,"column":43}}]},"6":{"line":61,"type":"switch","locations":[{"start":{"line":68,"column":4},"end":{"line":150,"column":14},"skip":true},{"start":{"line":156,"column":4},"end":{"line":324,"column":14},"skip":true}]},"7":{"line":70,"type":"if","locations":[{"start":{"line":70,"column":12},"end":{"line":70,"column":12},"skip":true},{"start":{"line":70,"column":12},"end":{"line":70,"column":12},"skip":true}]},"8":{"line":70,"type":"binary-expr","locations":[{"start":{"line":70,"column":16},"end":{"line":70,"column":22},"skip":true},{"start":{"line":70,"column":27},"end":{"line":70,"column":32},"skip":true},{"start":{"line":71,"column":20},"end":{"line":71,"column":39},"skip":true},{"start":{"line":72,"column":20},"end":{"line":72,"column":49},"skip":true},{"start":{"line":73,"column":20},"end":{"line":73,"column":58},"skip":true},{"start":{"line":74,"column":20},"end":{"line":74,"column":69},"skip":true}]},"9":{"line":79,"type":"switch","locations":[{"start":{"line":80,"column":20},"end":{"line":80,"column":33},"skip":true},{"start":{"line":81,"column":20},"end":{"line":83,"column":30},"skip":true},{"start":{"line":84,"column":20},"end":{"line":85,"column":49},"skip":true}]},"10":{"line":89,"type":"switch","locations":[{"start":{"line":90,"column":12},"end":{"line":103,"column":22},"skip":true},{"start":{"line":105,"column":12},"end":{"line":106,"column":22},"skip":true}]},"11":{"line":89,"type":"binary-expr","locations":[{"start":{"line":89,"column":20},"end":{"line":89,"column":25},"skip":true},{"start":{"line":89,"column":29},"end":{"line":89,"column":48},"skip":true},{"start":{"line":89,"column":52},"end":{"line":89,"column":74},"skip":true}]},"12":{"line":92,"type":"if","locations":[{"start":{"line":92,"column":16},"end":{"line":92,"column":16},"skip":true},{"start":{"line":92,"column":16},"end":{"line":92,"column":16},"skip":true}]},"13":{"line":108,"type":"if","locations":[{"start":{"line":108,"column":12},"end":{"line":108,"column":12},"skip":true},{"start":{"line":108,"column":12},"end":{"line":108,"column":12},"skip":true}]},"14":{"line":108,"type":"binary-expr","locations":[{"start":{"line":108,"column":16},"end":{"line":108,"column":61},"skip":true},{"start":{"line":108,"column":66},"end":{"line":108,"column":72},"skip":true},{"start":{"line":108,"column":77},"end":{"line":108,"column":82},"skip":true},{"start":{"line":109,"column":20},"end":{"line":109,"column":39},"skip":true},{"start":{"line":110,"column":20},"end":{"line":110,"column":49},"skip":true},{"start":{"line":111,"column":20},"end":{"line":111,"column":58},"skip":true},{"start":{"line":112,"column":20},"end":{"line":112,"column":68},"skip":true}]},"15":{"line":129,"type":"if","locations":[{"start":{"line":129,"column":16},"end":{"line":129,"column":16},"skip":true},{"start":{"line":129,"column":16},"end":{"line":129,"column":16},"skip":true}]},"16":{"line":134,"type":"cond-expr","locations":[{"start":{"line":135,"column":26},"end":{"line":135,"column":29},"skip":true},{"start":{"line":136,"column":26},"end":{"line":136,"column":54},"skip":true}]},"17":{"line":164,"type":"binary-expr","locations":[{"start":{"line":164,"column":27},"end":{"line":164,"column":43},"skip":true},{"start":{"line":164,"column":47},"end":{"line":164,"column":49},"skip":true}]},"18":{"line":258,"type":"if","locations":[{"start":{"line":258,"column":8},"end":{"line":258,"column":8},"skip":true},{"start":{"line":258,"column":8},"end":{"line":258,"column":8},"skip":true}]},"19":{"line":275,"type":"switch","locations":[{"start":{"line":276,"column":20},"end":{"line":277,"column":64},"skip":true},{"start":{"line":278,"column":20},"end":{"line":279,"column":40},"skip":true},{"start":{"line":280,"column":20},"end":{"line":281,"column":40},"skip":true},{"start":{"line":282,"column":20},"end":{"line":283,"column":39},"skip":true}]},"20":{"line":288,"type":"if","locations":[{"start":{"line":288,"column":8},"end":{"line":288,"column":8},"skip":true},{"start":{"line":288,"column":8},"end":{"line":288,"column":8},"skip":true}]},"21":{"line":288,"type":"binary-expr","locations":[{"start":{"line":288,"column":12},"end":{"line":288,"column":40},"skip":true},{"start":{"line":288,"column":44},"end":{"line":288,"column":67},"skip":true}]},"22":{"line":292,"type":"binary-expr","locations":[{"start":{"line":292,"column":12},"end":{"line":292,"column":50},"skip":true},{"start":{"line":293,"column":12},"end":{"line":293,"column":53},"skip":true}]},"23":{"line":297,"type":"binary-expr","locations":[{"start":{"line":297,"column":12},"end":{"line":297,"column":64},"skip":true},{"start":{"line":298,"column":12},"end":{"line":301,"column":36},"skip":true}]},"24":{"line":303,"type":"binary-expr","locations":[{"start":{"line":303,"column":43},"end":{"line":303,"column":75},"skip":true},{"start":{"line":303,"column":79},"end":{"line":303,"column":81},"skip":true}]},"25":{"line":306,"type":"if","locations":[{"start":{"line":306,"column":8},"end":{"line":306,"column":8},"skip":true},{"start":{"line":306,"column":8},"end":{"line":306,"column":8},"skip":true}]},"26":{"line":310,"type":"if","locations":[{"start":{"line":310,"column":8},"end":{"line":310,"column":8},"skip":true},{"start":{"line":310,"column":8},"end":{"line":310,"column":8},"skip":true}]},"27":{"line":313,"type":"binary-expr","locations":[{"start":{"line":313,"column":27},"end":{"line":313,"column":43},"skip":true},{"start":{"line":313,"column":47},"end":{"line":313,"column":53},"skip":true}]},"28":{"line":317,"type":"if","locations":[{"start":{"line":317,"column":12},"end":{"line":317,"column":12},"skip":true},{"start":{"line":317,"column":12},"end":{"line":317,"column":12},"skip":true}]}},"code":["/*","example.js","","quickstart example","","instruction","    1. save this script as example.js","    2. run the shell command:","        $ npm install npmtest-vorpal && PORT=8081 node example.js","    3. play with the browser-demo on http://127.0.0.1:8081","*/","","","","/* istanbul instrument in package npmtest_vorpal */","/*jslint","    bitwise: true,","    browser: true,","    maxerr: 8,","    maxlen: 96,","    node: true,","    nomen: true,","    regexp: true,","    stupid: true","*/","(function () {","    'use strict';","    var local;","","","","    // run shared js-env code - pre-init","    (function () {","        // init local","        local = {};","        // init modeJs","        local.modeJs = (function () {","            try {","                return typeof navigator.userAgent === 'string' &&","                    typeof document.querySelector('body') === 'object' &&","                    typeof XMLHttpRequest.prototype.open === 'function' &&","                    'browser';","            } catch (errorCaughtBrowser) {","                return module.exports &&","                    typeof process.versions.node === 'string' &&","                    typeof require('http').createServer === 'function' &&","                    'node';","            }","        }());","        // init global","        local.global = local.modeJs === 'browser'","            ? window","            : global;","        // init utility2_rollup","        local = local.global.utility2_rollup || (local.modeJs === 'browser'","            ? local.global.utility2_npmtest_vorpal","            : global.utility2_moduleExports);","        // export local","        local.global.local = local;","    }());","    switch (local.modeJs) {","","","","    // post-init","    // run browser js-env code - post-init","    /* istanbul ignore next */","    case 'browser':","        local.testRunBrowser = function (event) {","            if (!event || (event &&","                    event.currentTarget &&","                    event.currentTarget.className &&","                    event.currentTarget.className.includes &&","                    event.currentTarget.className.includes('onreset'))) {","                // reset output","                Array.from(","                    document.querySelectorAll('body > .resettable')","                ).forEach(function (element) {","                    switch (element.tagName) {","                    case 'INPUT':","                    case 'TEXTAREA':","                        element.value = '';","                        break;","                    default:","                        element.textContent = '';","                    }","                });","            }","            switch (event && event.currentTarget && event.currentTarget.id) {","            case 'testRunButton1':","                // show tests","                if (document.querySelector('#testReportDiv1').style.display === 'none') {","                    document.querySelector('#testReportDiv1').style.display = 'block';","                    document.querySelector('#testRunButton1').textContent =","                        'hide internal test';","                    local.modeTest = true;","                    local.testRunDefault(local);","                // hide tests","                } else {","                    document.querySelector('#testReportDiv1').style.display = 'none';","                    document.querySelector('#testRunButton1').textContent = 'run internal test';","                }","                break;","            // custom-case","            default:","                break;","            }","            if (document.querySelector('#inputTextareaEval1') && (!event || (event &&","                    event.currentTarget &&","                    event.currentTarget.className &&","                    event.currentTarget.className.includes &&","                    event.currentTarget.className.includes('oneval')))) {","                // try to eval input-code","                try {","                    /*jslint evil: true*/","                    eval(document.querySelector('#inputTextareaEval1').value);","                } catch (errorCaught) {","                    console.error(errorCaught);","                }","            }","        };","        // log stderr and stdout to #outputTextareaStdout1","        ['error', 'log'].forEach(function (key) {","            console[key + '_original'] = console[key];","            console[key] = function () {","                var element;","                console[key + '_original'].apply(console, arguments);","                element = document.querySelector('#outputTextareaStdout1');","                if (!element) {","                    return;","                }","                // append text to #outputTextareaStdout1","                element.value += Array.from(arguments).map(function (arg) {","                    return typeof arg === 'string'","                        ? arg","                        : JSON.stringify(arg, null, 4);","                }).join(' ') + '\\n';","                // scroll textarea to bottom","                element.scrollTop = element.scrollHeight;","            };","        });","        // init event-handling","        ['change', 'click', 'keyup'].forEach(function (event) {","            Array.from(document.querySelectorAll('.on' + event)).forEach(function (element) {","                element.addEventListener(event, local.testRunBrowser);","            });","        });","        // run tests","        local.testRunBrowser();","        break;","","","","    // run node js-env code - post-init","    /* istanbul ignore next */","    case 'node':","        // export local","        module.exports = local;","        // require modules","        local.fs = require('fs');","        local.http = require('http');","        local.url = require('url');","        // init assets","        local.assetsDict = local.assetsDict || {};","        /* jslint-ignore-begin */","        local.assetsDict['/assets.index.template.html'] = '\\","<!doctype html>\\n\\","<html lang=\"en\">\\n\\","<head>\\n\\","<meta charset=\"UTF-8\">\\n\\","<meta name=\"viewport\" content=\"width=device-width, initial-scale=1\">\\n\\","<title>{{env.npm_package_name}} (v{{env.npm_package_version}})</title>\\n\\","<style>\\n\\","/*csslint\\n\\","    box-sizing: false,\\n\\","    universal-selector: false\\n\\","*/\\n\\","* {\\n\\","    box-sizing: border-box;\\n\\","}\\n\\","body {\\n\\","    background: #dde;\\n\\","    font-family: Arial, Helvetica, sans-serif;\\n\\","    margin: 2rem;\\n\\","}\\n\\","body > * {\\n\\","    margin-bottom: 1rem;\\n\\","}\\n\\",".utility2FooterDiv {\\n\\","    margin-top: 20px;\\n\\","    text-align: center;\\n\\","}\\n\\","</style>\\n\\","<style>\\n\\","/*csslint\\n\\","*/\\n\\","textarea {\\n\\","    font-family: monospace;\\n\\","    height: 10rem;\\n\\","    width: 100%;\\n\\","}\\n\\","textarea[readonly] {\\n\\","    background: #ddd;\\n\\","}\\n\\","</style>\\n\\","</head>\\n\\","<body>\\n\\","<!-- utility2-comment\\n\\","<div id=\"ajaxProgressDiv1\" style=\"background: #d00; height: 2px; left: 0; margin: 0; padding: 0; position: fixed; top: 0; transition: background 0.5s, width 1.5s; width: 25%;\"></div>\\n\\","utility2-comment -->\\n\\","<h1>\\n\\","<!-- utility2-comment\\n\\","    <a\\n\\","        {{#if env.npm_package_homepage}}\\n\\","        href=\"{{env.npm_package_homepage}}\"\\n\\","        {{/if env.npm_package_homepage}}\\n\\","        target=\"_blank\"\\n\\","    >\\n\\","utility2-comment -->\\n\\","        {{env.npm_package_name}} (v{{env.npm_package_version}})\\n\\","<!-- utility2-comment\\n\\","    </a>\\n\\","utility2-comment -->\\n\\","</h1>\\n\\","<h3>{{env.npm_package_description}}</h3>\\n\\","<!-- utility2-comment\\n\\","<h4><a download href=\"assets.app.js\">download standalone app</a></h4>\\n\\","<button class=\"onclick onreset\" id=\"testRunButton1\">run internal test</button><br>\\n\\","<div id=\"testReportDiv1\" style=\"display: none;\"></div>\\n\\","utility2-comment -->\\n\\","\\n\\","\\n\\","\\n\\","<label>stderr and stdout</label>\\n\\","<textarea class=\"resettable\" id=\"outputTextareaStdout1\" readonly></textarea>\\n\\","<!-- utility2-comment\\n\\","{{#if isRollup}}\\n\\","<script src=\"assets.app.js\"></script>\\n\\","{{#unless isRollup}}\\n\\","utility2-comment -->\\n\\","<script src=\"assets.utility2.rollup.js\"></script>\\n\\","<script src=\"jsonp.utility2._stateInit?callback=window.utility2._stateInit\"></script>\\n\\","<script src=\"assets.npmtest_vorpal.rollup.js\"></script>\\n\\","<script src=\"assets.example.js\"></script>\\n\\","<script src=\"assets.test.js\"></script>\\n\\","<!-- utility2-comment\\n\\","{{/if isRollup}}\\n\\","utility2-comment -->\\n\\","<div class=\"utility2FooterDiv\">\\n\\","    [ this app was created with\\n\\","    <a href=\"https://github.com/kaizhu256/node-utility2\" target=\"_blank\">utility2</a>\\n\\","    ]\\n\\","</div>\\n\\","</body>\\n\\","</html>\\n\\","';","        /* jslint-ignore-end */","        if (local.templateRender) {","            local.assetsDict['/'] = local.templateRender(","                local.assetsDict['/assets.index.template.html'],","                {","                    env: local.objectSetDefault(local.env, {","                        npm_package_description: 'the greatest app in the world!',","                        npm_package_name: 'my-app',","                        npm_package_nameAlias: 'my_app',","                        npm_package_version: '0.0.1'","                    })","                }","            );","        } else {","            local.assetsDict['/'] = local.assetsDict['/assets.index.template.html']","                .replace((/\\{\\{env\\.(\\w+?)\\}\\}/g), function (match0, match1) {","                    // jslint-hack","                    String(match0);","                    switch (match1) {","                    case 'npm_package_description':","                        return 'the greatest app in the world!';","                    case 'npm_package_name':","                        return 'my-app';","                    case 'npm_package_nameAlias':","                        return 'my_app';","                    case 'npm_package_version':","                        return '0.0.1';","                    }","                });","        }","        // run the cli","        if (local.global.utility2_rollup || module !== require.main) {","            break;","        }","        local.assetsDict['/assets.example.js'] =","            local.assetsDict['/assets.example.js'] ||","            local.fs.readFileSync(__filename, 'utf8');","        // bug-workaround - long $npm_package_buildCustomOrg","        /* jslint-ignore-begin */","        local.assetsDict['/assets.npmtest_vorpal.rollup.js'] =","            local.assetsDict['/assets.npmtest_vorpal.rollup.js'] ||","            local.fs.readFileSync(","                local.npmtest_vorpal.__dirname + '/lib.npmtest_vorpal.js',","                'utf8'","            ).replace((/^#!/), '//');","        /* jslint-ignore-end */","        local.assetsDict['/favicon.ico'] = local.assetsDict['/favicon.ico'] || '';","        // if $npm_config_timeout_exit exists,","        // then exit this process after $npm_config_timeout_exit ms","        if (Number(process.env.npm_config_timeout_exit)) {","            setTimeout(process.exit, Number(process.env.npm_config_timeout_exit));","        }","        // start server","        if (local.global.utility2_serverHttp1) {","            break;","        }","        process.env.PORT = process.env.PORT || '8081';","        console.error('server starting on port ' + process.env.PORT);","        local.http.createServer(function (request, response) {","            request.urlParsed = local.url.parse(request.url);","            if (local.assetsDict[request.urlParsed.pathname] !== undefined) {","                response.end(local.assetsDict[request.urlParsed.pathname]);","                return;","            }","            response.statusCode = 404;","            response.end();","        }).listen(process.env.PORT);","        break;","    }","}());",""],"l":{"26":2,"28":2,"33":2,"35":2,"37":2,"38":2,"39":2,"44":1,"51":2,"55":2,"59":2,"61":2,"69":1,"70":2,"76":2,"79":2,"82":2,"83":2,"85":1,"89":2,"92":1,"93":1,"94":1,"96":1,"97":1,"100":1,"101":1,"103":1,"106":1,"108":2,"114":1,"116":1,"118":1,"123":1,"124":2,"125":2,"126":3,"127":3,"128":3,"129":3,"130":1,"133":3,"134":3,"139":3,"143":1,"144":3,"145":1,"149":1,"150":1,"158":1,"160":1,"161":1,"162":1,"164":1,"166":1,"258":1,"259":1,"271":1,"274":6,"275":6,"277":1,"279":2,"281":1,"283":2,"288":1,"289":1,"291":1,"296":1,"303":1,"306":1,"307":1,"310":1,"311":1,"313":1,"314":1,"315":1,"316":1,"317":1,"318":1,"319":1,"321":1,"322":1,"324":1}},"/home/travis/build/npmtest/node-npmtest-vorpal/node_modules/vorpal/dist/vorpal.js":{"path":"/home/travis/build/npmtest/node-npmtest-vorpal/node_modules/vorpal/dist/vorpal.js","s":{"1":1,"2":1,"3":1,"4":1,"5":1,"6":1,"7":1,"8":1,"9":1,"10":1,"11":1,"12":1,"13":1,"14":1,"15":1,"16":1,"17":1,"18":1,"19":0,"20":0,"21":0,"22":0,"23":0,"24":0,"25":0,"26":0,"27":0,"28":0,"29":0,"30":0,"31":0,"32":0,"33":0,"34":0,"35":0,"36":0,"37":0,"38":0,"39":0,"40":1,"41":1,"42":1,"43":1,"44":0,"45":0,"46":0,"47":0,"48":0,"49":1,"50":0,"51":0,"52":0,"53":0,"54":0,"55":0,"56":0,"57":0,"58":0,"59":0,"60":0,"61":0,"62":0,"63":0,"64":0,"65":0,"66":0,"67":0,"68":0,"69":1,"70":0,"71":0,"72":1,"73":0,"74":0,"75":0,"76":0,"77":1,"78":0,"79":0,"80":0,"81":0,"82":0,"83":0,"84":0,"85":0,"86":0,"87":0,"88":0,"89":0,"90":0,"91":0,"92":0,"93":0,"94":0,"95":0,"96":0,"97":0,"98":1,"99":0,"100":0,"101":0,"102":0,"103":0,"104":0,"105":0,"106":0,"107":0,"108":0,"109":0,"110":0,"111":0,"112":0,"113":0,"114":0,"115":0,"116":0,"117":0,"118":0,"119":0,"120":0,"121":0,"122":0,"123":0,"124":0,"125":0,"126":0,"127":0,"128":1,"129":0,"130":1,"131":0,"132":1,"133":0,"134":1,"135":0,"136":0,"137":1,"138":0,"139":0,"140":0,"141":1,"142":0,"143":0,"144":0,"145":0,"146":1,"147":0,"148":0,"149":0,"150":0,"151":1,"152":0,"153":0,"154":0,"155":0,"156":0,"157":1,"158":1,"159":0,"160":0,"161":1,"162":0,"163":0,"164":0,"165":0,"166":1,"167":0,"168":0,"169":1,"170":0,"171":0,"172":1,"173":0,"174":0,"175":1,"176":0,"177":0,"178":0,"179":0,"180":0,"181":0,"182":0,"183":0,"184":0,"185":0,"186":1,"187":0,"188":0,"189":0,"190":0,"191":0,"192":0,"193":0,"194":0,"195":0,"196":0,"197":0,"198":0,"199":0,"200":0,"201":0,"202":0,"203":0,"204":0,"205":0,"206":0,"207":0,"208":0,"209":0,"210":0,"211":1,"212":0,"213":0,"214":0,"215":0,"216":0,"217":0,"218":0,"219":0,"220":0,"221":0,"222":0,"223":0,"224":0,"225":0,"226":0,"227":0,"228":0,"229":0,"230":0,"231":0,"232":0,"233":0,"234":0,"235":1,"236":0,"237":0,"238":0,"239":0,"240":0,"241":0,"242":0,"243":0,"244":0,"245":0,"246":0,"247":0,"248":0,"249":0,"250":0,"251":0,"252":1,"253":0,"254":0,"255":0,"256":0,"257":0,"258":0,"259":0,"260":1,"261":0,"262":0,"263":0,"264":1,"265":0,"266":0,"267":0,"268":0,"269":0,"270":1,"271":0,"272":0,"273":0,"274":0,"275":0,"276":0,"277":0,"278":0,"279":0,"280":0,"281":0,"282":0,"283":0,"284":0,"285":0,"286":0,"287":0,"288":0,"289":0,"290":1,"291":0,"292":0,"293":0,"294":0,"295":1,"296":0,"297":0,"298":0,"299":0,"300":0,"301":0,"302":0,"303":0,"304":0,"305":0,"306":0,"307":0,"308":0,"309":0,"310":0,"311":0,"312":0,"313":0,"314":0,"315":0,"316":0,"317":0,"318":0,"319":0,"320":0,"321":0,"322":0,"323":0,"324":0,"325":0,"326":0,"327":0,"328":0,"329":0,"330":0,"331":0,"332":0,"333":0,"334":0,"335":0,"336":0,"337":0,"338":0,"339":0,"340":0,"341":0,"342":0,"343":0,"344":0,"345":0,"346":0,"347":0,"348":0,"349":0,"350":0,"351":0,"352":0,"353":0,"354":0,"355":0,"356":0,"357":0,"358":0,"359":0,"360":0,"361":0,"362":0,"363":0,"364":0,"365":0,"366":0,"367":0,"368":0,"369":0,"370":0,"371":0,"372":0,"373":0,"374":0,"375":0,"376":1,"377":0,"378":0,"379":0,"380":0,"381":0,"382":1,"383":0,"384":0,"385":0,"386":0,"387":1,"388":0,"389":1,"390":0,"391":1,"392":0,"393":0,"394":0,"395":0,"396":0,"397":0,"398":0,"399":0,"400":0,"401":0,"402":0,"403":0,"404":0,"405":0,"406":0,"407":0,"408":0,"409":0,"410":0,"411":0,"412":0,"413":0,"414":0,"415":0,"416":0,"417":0,"418":0,"419":0,"420":0,"421":0,"422":0,"423":0,"424":0,"425":0,"426":0,"427":0,"428":0,"429":0,"430":0,"431":0,"432":0,"433":0,"434":0,"435":0,"436":0,"437":0,"438":0,"439":0,"440":0,"441":0,"442":0,"443":0,"444":0,"445":0,"446":0,"447":0,"448":1,"449":0,"450":0,"451":0,"452":0,"453":0,"454":0,"455":0,"456":0,"457":0,"458":0,"459":0,"460":1,"461":0,"462":0,"463":0,"464":0,"465":0,"466":0,"467":1,"468":0,"469":0,"470":0,"471":0,"472":0,"473":0,"474":0,"475":0,"476":0,"477":0,"478":1,"479":0,"480":0,"481":0,"482":0,"483":0,"484":1,"485":0,"486":0},"b":{"1":[1,0],"2":[0,0],"3":[0,0],"4":[0,0],"5":[0,0],"6":[0,0],"7":[0,0],"8":[0,0],"9":[0,0],"10":[0,0],"11":[0,0],"12":[0,0],"13":[0,0],"14":[0,0],"15":[0,0],"16":[0,0],"17":[0,0],"18":[0,0],"19":[0,0],"20":[0,0],"21":[0,0],"22":[0,0],"23":[0,0],"24":[0,0],"25":[0,0],"26":[0,0],"27":[0,0],"28":[0,0],"29":[0,0],"30":[0,0],"31":[0,0],"32":[0,0],"33":[0,0],"34":[0,0],"35":[0,0],"36":[0,0],"37":[0,0],"38":[0,0],"39":[0,0,0],"40":[0,0],"41":[0,0],"42":[0,0],"43":[0,0],"44":[0,0],"45":[0,0],"46":[0,0],"47":[0,0],"48":[0,0],"49":[0,0],"50":[0,0],"51":[0,0],"52":[0,0],"53":[0,0],"54":[0,0],"55":[0,0],"56":[0,0],"57":[0,0],"58":[0,0],"59":[0,0],"60":[0,0],"61":[0,0],"62":[0,0],"63":[0,0],"64":[0,0],"65":[0,0],"66":[0,0],"67":[0,0],"68":[0,0],"69":[0,0],"70":[0,0],"71":[0,0],"72":[0,0],"73":[0,0],"74":[0,0],"75":[0,0],"76":[0,0],"77":[0,0],"78":[0,0],"79":[0,0,0],"80":[0,0],"81":[0,0],"82":[0,0],"83":[0,0],"84":[0,0],"85":[0,0],"86":[0,0],"87":[0,0],"88":[0,0],"89":[0,0],"90":[0,0],"91":[0,0],"92":[0,0],"93":[0,0],"94":[0,0],"95":[0,0],"96":[0,0],"97":[0,0],"98":[0,0],"99":[0,0],"100":[0,0],"101":[0,0],"102":[0,0],"103":[0,0],"104":[0,0],"105":[0,0],"106":[0,0],"107":[0,0],"108":[0,0],"109":[0,0,0,0],"110":[0,0],"111":[0,0,0],"112":[0,0],"113":[0,0,0],"114":[0,0],"115":[0,0],"116":[0,0],"117":[0,0],"118":[0,0],"119":[0,0],"120":[0,0],"121":[0,0],"122":[0,0],"123":[0,0],"124":[0,0],"125":[0,0],"126":[0,0],"127":[0,0],"128":[0,0],"129":[0,0],"130":[0,0],"131":[0,0],"132":[0,0],"133":[0,0],"134":[0,0,0],"135":[0,0],"136":[0,0],"137":[0,0],"138":[0,0],"139":[0,0],"140":[0,0]},"f":{"1":0,"2":0,"3":0,"4":0,"5":0,"6":0,"7":0,"8":0,"9":0,"10":0,"11":0,"12":0,"13":0,"14":0,"15":0,"16":0,"17":0,"18":0,"19":0,"20":0,"21":0,"22":0,"23":0,"24":0,"25":0,"26":0,"27":0,"28":0,"29":0,"30":0,"31":0,"32":0,"33":0,"34":0,"35":0,"36":0,"37":0,"38":0,"39":0,"40":0,"41":0,"42":0,"43":0,"44":0,"45":0,"46":0,"47":0,"48":0,"49":0,"50":0,"51":0,"52":0,"53":0,"54":0,"55":0,"56":0,"57":0,"58":0,"59":0,"60":0,"61":0,"62":0,"63":0,"64":0,"65":0,"66":0},"fnMap":{"1":{"name":"Vorpal","line":40,"loc":{"start":{"line":40,"column":0},"end":{"line":40,"column":18}}},"2":{"name":"(anonymous_2)","line":129,"loc":{"start":{"line":129,"column":25},"end":{"line":129,"column":37}}},"3":{"name":"(anonymous_3)","line":132,"loc":{"start":{"line":132,"column":30},"end":{"line":132,"column":46}}},"4":{"name":"(anonymous_4)","line":146,"loc":{"start":{"line":146,"column":25},"end":{"line":146,"column":50}}},"5":{"name":"(anonymous_5)","line":166,"loc":{"start":{"line":166,"column":32},"end":{"line":166,"column":47}}},"6":{"name":"(anonymous_6)","line":185,"loc":{"start":{"line":185,"column":17},"end":{"line":185,"column":36}}},"7":{"name":"(anonymous_7)","line":199,"loc":{"start":{"line":199,"column":19},"end":{"line":199,"column":34}}},"8":{"name":"(anonymous_8)","line":217,"loc":{"start":{"line":217,"column":13},"end":{"line":217,"column":42}}},"9":{"name":"(anonymous_9)","line":259,"loc":{"start":{"line":259,"column":17},"end":{"line":259,"column":45}}},"10":{"name":"(anonymous_10)","line":316,"loc":{"start":{"line":316,"column":14},"end":{"line":316,"column":42}}},"11":{"name":"(anonymous_11)","line":331,"loc":{"start":{"line":331,"column":15},"end":{"line":331,"column":43}}},"12":{"name":"(anonymous_12)","line":345,"loc":{"start":{"line":345,"column":17},"end":{"line":345,"column":45}}},"13":{"name":"(anonymous_13)","line":357,"loc":{"start":{"line":357,"column":13},"end":{"line":357,"column":25}}},"14":{"name":"(anonymous_14)","line":372,"loc":{"start":{"line":372,"column":14},"end":{"line":372,"column":28}}},"15":{"name":"(anonymous_15)","line":387,"loc":{"start":{"line":387,"column":14},"end":{"line":387,"column":28}}},"16":{"name":"(anonymous_16)","line":403,"loc":{"start":{"line":403,"column":17},"end":{"line":403,"column":29}}},"17":{"name":"(anonymous_17)","line":419,"loc":{"start":{"line":419,"column":15},"end":{"line":419,"column":29}}},"18":{"name":"(anonymous_18)","line":439,"loc":{"start":{"line":439,"column":17},"end":{"line":439,"column":31}}},"19":{"name":"(anonymous_19)","line":450,"loc":{"start":{"line":450,"column":22},"end":{"line":450,"column":36}}},"20":{"name":"(anonymous_20)","line":464,"loc":{"start":{"line":464,"column":28},"end":{"line":464,"column":44}}},"21":{"name":"(anonymous_21)","line":477,"loc":{"start":{"line":477,"column":14},"end":{"line":477,"column":26}}},"22":{"name":"(anonymous_22)","line":490,"loc":{"start":{"line":490,"column":14},"end":{"line":490,"column":26}}},"23":{"name":"(anonymous_23)","line":505,"loc":{"start":{"line":505,"column":21},"end":{"line":505,"column":43}}},"24":{"name":"(anonymous_24)","line":508,"loc":{"start":{"line":508,"column":47},"end":{"line":508,"column":70}}},"25":{"name":"(anonymous_25)","line":540,"loc":{"start":{"line":540,"column":16},"end":{"line":540,"column":28}}},"26":{"name":"(anonymous_26)","line":546,"loc":{"start":{"line":546,"column":21},"end":{"line":546,"column":40}}},"27":{"name":"cb","line":548,"loc":{"start":{"line":548,"column":13},"end":{"line":548,"column":35}}},"28":{"name":"handler","line":563,"loc":{"start":{"line":563,"column":18},"end":{"line":563,"column":41}}},"29":{"name":"(anonymous_29)","line":571,"loc":{"start":{"line":571,"column":34},"end":{"line":571,"column":52}}},"30":{"name":"(anonymous_30)","line":592,"loc":{"start":{"line":592,"column":17},"end":{"line":592,"column":33}}},"31":{"name":"(anonymous_31)","line":616,"loc":{"start":{"line":616,"column":5},"end":{"line":616,"column":23}}},"32":{"name":"(anonymous_32)","line":625,"loc":{"start":{"line":625,"column":19},"end":{"line":625,"column":31}}},"33":{"name":"(anonymous_33)","line":662,"loc":{"start":{"line":662,"column":14},"end":{"line":662,"column":39}}},"34":{"name":"(anonymous_34)","line":686,"loc":{"start":{"line":686,"column":21},"end":{"line":686,"column":48}}},"35":{"name":"(anonymous_35)","line":703,"loc":{"start":{"line":703,"column":18},"end":{"line":703,"column":42}}},"36":{"name":"(anonymous_36)","line":732,"loc":{"start":{"line":732,"column":23},"end":{"line":732,"column":35}}},"37":{"name":"(anonymous_37)","line":747,"loc":{"start":{"line":747,"column":24},"end":{"line":747,"column":39}}},"38":{"name":"(anonymous_38)","line":769,"loc":{"start":{"line":769,"column":15},"end":{"line":769,"column":31}}},"39":{"name":"throwHelp","line":799,"loc":{"start":{"line":799,"column":2},"end":{"line":799,"column":49}}},"40":{"name":"callback","line":807,"loc":{"start":{"line":807,"column":2},"end":{"line":807,"column":42}}},"41":{"name":"(anonymous_41)","line":846,"loc":{"start":{"line":846,"column":30},"end":{"line":846,"column":51}}},"42":{"name":"(anonymous_42)","line":943,"loc":{"start":{"line":943,"column":32},"end":{"line":943,"column":48}}},"43":{"name":"(anonymous_43)","line":960,"loc":{"start":{"line":960,"column":38},"end":{"line":960,"column":75}}},"44":{"name":"(anonymous_44)","line":978,"loc":{"start":{"line":978,"column":19},"end":{"line":978,"column":38}}},"45":{"name":"(anonymous_45)","line":996,"loc":{"start":{"line":996,"column":16},"end":{"line":996,"column":30}}},"46":{"name":"(anonymous_46)","line":1013,"loc":{"start":{"line":1013,"column":14},"end":{"line":1013,"column":30}}},"47":{"name":"(anonymous_47)","line":1025,"loc":{"start":{"line":1025,"column":14},"end":{"line":1025,"column":28}}},"48":{"name":"(anonymous_48)","line":1036,"loc":{"start":{"line":1036,"column":22},"end":{"line":1036,"column":41}}},"49":{"name":"(anonymous_49)","line":1072,"loc":{"start":{"line":1072,"column":32},"end":{"line":1072,"column":47}}},"50":{"name":"(anonymous_50)","line":1074,"loc":{"start":{"line":1074,"column":12},"end":{"line":1074,"column":27}}},"51":{"name":"(anonymous_51)","line":1076,"loc":{"start":{"line":1076,"column":12},"end":{"line":1076,"column":27}}},"52":{"name":"(anonymous_52)","line":1078,"loc":{"start":{"line":1078,"column":12},"end":{"line":1078,"column":27}}},"53":{"name":"(anonymous_53)","line":1083,"loc":{"start":{"line":1083,"column":9},"end":{"line":1083,"column":24}}},"54":{"name":"(anonymous_54)","line":1084,"loc":{"start":{"line":1084,"column":29},"end":{"line":1084,"column":44}}},"55":{"name":"(anonymous_55)","line":1091,"loc":{"start":{"line":1091,"column":30},"end":{"line":1091,"column":55}}},"56":{"name":"(anonymous_56)","line":1097,"loc":{"start":{"line":1097,"column":37},"end":{"line":1097,"column":52}}},"57":{"name":"(anonymous_57)","line":1099,"loc":{"start":{"line":1099,"column":9},"end":{"line":1099,"column":24}}},"58":{"name":"(anonymous_58)","line":1101,"loc":{"start":{"line":1101,"column":9},"end":{"line":1101,"column":24}}},"59":{"name":"(anonymous_59)","line":1105,"loc":{"start":{"line":1105,"column":10},"end":{"line":1105,"column":25}}},"60":{"name":"(anonymous_60)","line":1114,"loc":{"start":{"line":1114,"column":85},"end":{"line":1114,"column":100}}},"61":{"name":"(anonymous_61)","line":1147,"loc":{"start":{"line":1147,"column":15},"end":{"line":1147,"column":56}}},"62":{"name":"(anonymous_62)","line":1181,"loc":{"start":{"line":1181,"column":16},"end":{"line":1181,"column":57}}},"63":{"name":"(anonymous_63)","line":1183,"loc":{"start":{"line":1183,"column":21},"end":{"line":1183,"column":40}}},"64":{"name":"(anonymous_64)","line":1201,"loc":{"start":{"line":1201,"column":24},"end":{"line":1201,"column":38}}},"65":{"name":"(anonymous_65)","line":1230,"loc":{"start":{"line":1230,"column":14},"end":{"line":1230,"column":33}}},"66":{"name":"get","line":1241,"loc":{"start":{"line":1241,"column":7},"end":{"line":1241,"column":22}}}},"statementMap":{"1":{"start":{"line":7,"column":0},"end":{"line":11,"column":1}},"2":{"start":{"line":10,"column":2},"end":{"line":10,"column":28}},"3":{"start":{"line":17,"column":0},"end":{"line":17,"column":26}},"4":{"start":{"line":18,"column":0},"end":{"line":18,"column":50}},"5":{"start":{"line":19,"column":0},"end":{"line":19,"column":35}},"6":{"start":{"line":20,"column":0},"end":{"line":20,"column":52}},"7":{"start":{"line":21,"column":0},"end":{"line":21,"column":35}},"8":{"start":{"line":22,"column":0},"end":{"line":22,"column":25}},"9":{"start":{"line":23,"column":0},"end":{"line":23,"column":35}},"10":{"start":{"line":24,"column":0},"end":{"line":24,"column":39}},"11":{"start":{"line":25,"column":0},"end":{"line":25,"column":35}},"12":{"start":{"line":26,"column":0},"end":{"line":26,"column":42}},"13":{"start":{"line":27,"column":0},"end":{"line":27,"column":29}},"14":{"start":{"line":28,"column":0},"end":{"line":28,"column":23}},"15":{"start":{"line":29,"column":0},"end":{"line":29,"column":35}},"16":{"start":{"line":30,"column":0},"end":{"line":30,"column":46}},"17":{"start":{"line":31,"column":0},"end":{"line":31,"column":32}},"18":{"start":{"line":40,"column":0},"end":{"line":104,"column":1}},"19":{"start":{"line":41,"column":2},"end":{"line":43,"column":3}},"20":{"start":{"line":42,"column":4},"end":{"line":42,"column":24}},"21":{"start":{"line":47,"column":2},"end":{"line":47,"column":21}},"22":{"start":{"line":50,"column":2},"end":{"line":50,"column":51}},"23":{"start":{"line":54,"column":2},"end":{"line":54,"column":21}},"24":{"start":{"line":57,"column":2},"end":{"line":57,"column":19}},"25":{"start":{"line":60,"column":2},"end":{"line":60,"column":28}},"26":{"start":{"line":63,"column":2},"end":{"line":63,"column":15}},"27":{"start":{"line":66,"column":2},"end":{"line":66,"column":21}},"28":{"start":{"line":69,"column":2},"end":{"line":69,"column":18}},"29":{"start":{"line":72,"column":2},"end":{"line":72,"column":75}},"30":{"start":{"line":73,"column":2},"end":{"line":73,"column":35}},"31":{"start":{"line":77,"column":2},"end":{"line":79,"column":4}},"32":{"start":{"line":82,"column":2},"end":{"line":82,"column":23}},"33":{"start":{"line":84,"column":2},"end":{"line":84,"column":44}},"34":{"start":{"line":87,"column":2},"end":{"line":87,"column":25}},"35":{"start":{"line":89,"column":2},"end":{"line":89,"column":25}},"36":{"start":{"line":92,"column":2},"end":{"line":97,"column":5}},"37":{"start":{"line":100,"column":2},"end":{"line":100,"column":44}},"38":{"start":{"line":102,"column":2},"end":{"line":102,"column":15}},"39":{"start":{"line":103,"column":2},"end":{"line":103,"column":14}},"40":{"start":{"line":110,"column":0},"end":{"line":110,"column":57}},"41":{"start":{"line":116,"column":0},"end":{"line":116,"column":30}},"42":{"start":{"line":122,"column":0},"end":{"line":122,"column":34}},"43":{"start":{"line":129,"column":0},"end":{"line":138,"column":2}},"44":{"start":{"line":130,"column":2},"end":{"line":130,"column":18}},"45":{"start":{"line":132,"column":2},"end":{"line":135,"column":5}},"46":{"start":{"line":133,"column":4},"end":{"line":133,"column":32}},"47":{"start":{"line":134,"column":4},"end":{"line":134,"column":43}},"48":{"start":{"line":137,"column":2},"end":{"line":137,"column":20}},"49":{"start":{"line":146,"column":0},"end":{"line":175,"column":2}},"50":{"start":{"line":147,"column":2},"end":{"line":147,"column":26}},"51":{"start":{"line":148,"column":2},"end":{"line":148,"column":18}},"52":{"start":{"line":149,"column":2},"end":{"line":149,"column":20}},"53":{"start":{"line":150,"column":2},"end":{"line":150,"column":77}},"54":{"start":{"line":151,"column":2},"end":{"line":151,"column":15}},"55":{"start":{"line":152,"column":2},"end":{"line":152,"column":15}},"56":{"start":{"line":153,"column":2},"end":{"line":173,"column":3}},"57":{"start":{"line":154,"column":4},"end":{"line":172,"column":5}},"58":{"start":{"line":155,"column":6},"end":{"line":155,"column":30}},"59":{"start":{"line":158,"column":6},"end":{"line":165,"column":7}},"60":{"start":{"line":159,"column":8},"end":{"line":161,"column":9}},"61":{"start":{"line":160,"column":10},"end":{"line":160,"column":19}},"62":{"start":{"line":162,"column":8},"end":{"line":164,"column":9}},"63":{"start":{"line":163,"column":10},"end":{"line":163,"column":40}},"64":{"start":{"line":166,"column":6},"end":{"line":171,"column":9}},"65":{"start":{"line":167,"column":8},"end":{"line":169,"column":9}},"66":{"start":{"line":168,"column":10},"end":{"line":168,"column":31}},"67":{"start":{"line":170,"column":8},"end":{"line":170,"column":24}},"68":{"start":{"line":174,"column":2},"end":{"line":174,"column":16}},"69":{"start":{"line":185,"column":0},"end":{"line":188,"column":2}},"70":{"start":{"line":186,"column":2},"end":{"line":186,"column":26}},"71":{"start":{"line":187,"column":2},"end":{"line":187,"column":14}},"72":{"start":{"line":199,"column":0},"end":{"line":205,"column":2}},"73":{"start":{"line":200,"column":2},"end":{"line":200,"column":24}},"74":{"start":{"line":201,"column":2},"end":{"line":203,"column":3}},"75":{"start":{"line":202,"column":4},"end":{"line":202,"column":32}},"76":{"start":{"line":204,"column":2},"end":{"line":204,"column":14}},"77":{"start":{"line":217,"column":0},"end":{"line":247,"column":2}},"78":{"start":{"line":218,"column":2},"end":{"line":220,"column":3}},"79":{"start":{"line":219,"column":4},"end":{"line":219,"column":16}},"80":{"start":{"line":221,"column":2},"end":{"line":245,"column":3}},"81":{"start":{"line":222,"column":4},"end":{"line":222,"column":39}},"82":{"start":{"line":223,"column":9},"end":{"line":245,"column":3}},"83":{"start":{"line":224,"column":4},"end":{"line":224,"column":48}},"84":{"start":{"line":226,"column":4},"end":{"line":226,"column":59}},"85":{"start":{"line":227,"column":4},"end":{"line":244,"column":5}},"86":{"start":{"line":228,"column":6},"end":{"line":228,"column":28}},"87":{"start":{"line":229,"column":6},"end":{"line":243,"column":7}},"88":{"start":{"line":230,"column":8},"end":{"line":230,"column":48}},"89":{"start":{"line":231,"column":8},"end":{"line":233,"column":9}},"90":{"start":{"line":232,"column":10},"end":{"line":232,"column":47}},"91":{"start":{"line":234,"column":8},"end":{"line":239,"column":9}},"92":{"start":{"line":235,"column":10},"end":{"line":235,"column":77}},"93":{"start":{"line":236,"column":10},"end":{"line":238,"column":11}},"94":{"start":{"line":237,"column":12},"end":{"line":237,"column":65}},"95":{"start":{"line":240,"column":8},"end":{"line":242,"column":9}},"96":{"start":{"line":241,"column":10},"end":{"line":241,"column":37}},"97":{"start":{"line":246,"column":2},"end":{"line":246,"column":14}},"98":{"start":{"line":259,"column":0},"end":{"line":304,"column":2}},"99":{"start":{"line":260,"column":2},"end":{"line":260,"column":20}},"100":{"start":{"line":261,"column":2},"end":{"line":261,"column":22}},"101":{"start":{"line":263,"column":2},"end":{"line":263,"column":46}},"102":{"start":{"line":264,"column":2},"end":{"line":264,"column":16}},"103":{"start":{"line":265,"column":2},"end":{"line":265,"column":10}},"104":{"start":{"line":267,"column":2},"end":{"line":269,"column":3}},"105":{"start":{"line":268,"column":4},"end":{"line":268,"column":22}},"106":{"start":{"line":271,"column":2},"end":{"line":271,"column":36}},"107":{"start":{"line":272,"column":2},"end":{"line":272,"column":51}},"108":{"start":{"line":274,"column":2},"end":{"line":274,"column":39}},"109":{"start":{"line":276,"column":2},"end":{"line":279,"column":3}},"110":{"start":{"line":277,"column":4},"end":{"line":277,"column":26}},"111":{"start":{"line":278,"column":4},"end":{"line":278,"column":28}},"112":{"start":{"line":281,"column":2},"end":{"line":281,"column":37}},"113":{"start":{"line":282,"column":2},"end":{"line":282,"column":33}},"114":{"start":{"line":283,"column":2},"end":{"line":283,"column":35}},"115":{"start":{"line":284,"column":2},"end":{"line":284,"column":31}},"116":{"start":{"line":285,"column":2},"end":{"line":285,"column":20}},"117":{"start":{"line":287,"column":2},"end":{"line":287,"column":21}},"118":{"start":{"line":288,"column":2},"end":{"line":294,"column":3}},"119":{"start":{"line":289,"column":4},"end":{"line":289,"column":66}},"120":{"start":{"line":290,"column":4},"end":{"line":293,"column":5}},"121":{"start":{"line":291,"column":6},"end":{"line":291,"column":29}},"122":{"start":{"line":292,"column":6},"end":{"line":292,"column":12}},"123":{"start":{"line":295,"column":2},"end":{"line":299,"column":3}},"124":{"start":{"line":296,"column":4},"end":{"line":296,"column":28}},"125":{"start":{"line":298,"column":4},"end":{"line":298,"column":211}},"126":{"start":{"line":301,"column":2},"end":{"line":301,"column":64}},"127":{"start":{"line":303,"column":2},"end":{"line":303,"column":13}},"128":{"start":{"line":316,"column":0},"end":{"line":318,"column":2}},"129":{"start":{"line":317,"column":2},"end":{"line":317,"column":72}},"130":{"start":{"line":331,"column":0},"end":{"line":333,"column":2}},"131":{"start":{"line":332,"column":2},"end":{"line":332,"column":73}},"132":{"start":{"line":345,"column":0},"end":{"line":347,"column":2}},"133":{"start":{"line":346,"column":2},"end":{"line":346,"column":73}},"134":{"start":{"line":357,"column":0},"end":{"line":360,"column":2}},"135":{"start":{"line":358,"column":2},"end":{"line":358,"column":40}},"136":{"start":{"line":359,"column":2},"end":{"line":359,"column":14}},"137":{"start":{"line":372,"column":0},"end":{"line":377,"column":2}},"138":{"start":{"line":373,"column":2},"end":{"line":375,"column":3}},"139":{"start":{"line":374,"column":4},"end":{"line":374,"column":25}},"140":{"start":{"line":376,"column":2},"end":{"line":376,"column":14}},"141":{"start":{"line":387,"column":0},"end":{"line":394,"column":2}},"142":{"start":{"line":388,"column":2},"end":{"line":392,"column":3}},"143":{"start":{"line":389,"column":4},"end":{"line":389,"column":19}},"144":{"start":{"line":391,"column":4},"end":{"line":391,"column":19}},"145":{"start":{"line":393,"column":2},"end":{"line":393,"column":14}},"146":{"start":{"line":403,"column":0},"end":{"line":409,"column":2}},"147":{"start":{"line":404,"column":2},"end":{"line":407,"column":3}},"148":{"start":{"line":405,"column":4},"end":{"line":405,"column":19}},"149":{"start":{"line":406,"column":4},"end":{"line":406,"column":25}},"150":{"start":{"line":408,"column":2},"end":{"line":408,"column":14}},"151":{"start":{"line":419,"column":0},"end":{"line":426,"column":2}},"152":{"start":{"line":420,"column":2},"end":{"line":422,"column":3}},"153":{"start":{"line":421,"column":4},"end":{"line":421,"column":19}},"154":{"start":{"line":423,"column":2},"end":{"line":423,"column":31}},"155":{"start":{"line":424,"column":2},"end":{"line":424,"column":22}},"156":{"start":{"line":425,"column":2},"end":{"line":425,"column":14}},"157":{"start":{"line":431,"column":0},"end":{"line":431,"column":37}},"158":{"start":{"line":439,"column":0},"end":{"line":442,"column":2}},"159":{"start":{"line":440,"column":2},"end":{"line":440,"column":28}},"160":{"start":{"line":441,"column":2},"end":{"line":441,"column":14}},"161":{"start":{"line":450,"column":0},"end":{"line":455,"column":2}},"162":{"start":{"line":451,"column":2},"end":{"line":451,"column":39}},"163":{"start":{"line":452,"column":2},"end":{"line":452,"column":15}},"164":{"start":{"line":453,"column":2},"end":{"line":453,"column":34}},"165":{"start":{"line":454,"column":2},"end":{"line":454,"column":14}},"166":{"start":{"line":464,"column":0},"end":{"line":467,"column":2}},"167":{"start":{"line":465,"column":2},"end":{"line":465,"column":39}},"168":{"start":{"line":466,"column":2},"end":{"line":466,"column":14}},"169":{"start":{"line":477,"column":0},"end":{"line":480,"column":2}},"170":{"start":{"line":478,"column":2},"end":{"line":478,"column":18}},"171":{"start":{"line":479,"column":2},"end":{"line":479,"column":14}},"172":{"start":{"line":490,"column":0},"end":{"line":493,"column":2}},"173":{"start":{"line":491,"column":2},"end":{"line":491,"column":18}},"174":{"start":{"line":492,"column":2},"end":{"line":492,"column":14}},"175":{"start":{"line":505,"column":0},"end":{"line":526,"column":2}},"176":{"start":{"line":506,"column":2},"end":{"line":506,"column":18}},"177":{"start":{"line":507,"column":2},"end":{"line":525,"column":3}},"178":{"start":{"line":508,"column":4},"end":{"line":518,"column":7}},"179":{"start":{"line":509,"column":6},"end":{"line":517,"column":7}},"180":{"start":{"line":510,"column":8},"end":{"line":516,"column":9}},"181":{"start":{"line":511,"column":10},"end":{"line":511,"column":59}},"182":{"start":{"line":512,"column":10},"end":{"line":512,"column":28}},"183":{"start":{"line":513,"column":10},"end":{"line":513,"column":38}},"184":{"start":{"line":515,"column":10},"end":{"line":515,"column":32}},"185":{"start":{"line":520,"column":4},"end":{"line":524,"column":7}},"186":{"start":{"line":540,"column":0},"end":{"line":581,"column":2}},"187":{"start":{"line":541,"column":2},"end":{"line":541,"column":19}},"188":{"start":{"line":543,"column":2},"end":{"line":543,"column":88}},"189":{"start":{"line":544,"column":2},"end":{"line":544,"column":34}},"190":{"start":{"line":546,"column":2},"end":{"line":580,"column":5}},"191":{"start":{"line":548,"column":4},"end":{"line":554,"column":6}},"192":{"start":{"line":550,"column":6},"end":{"line":550,"column":24}},"193":{"start":{"line":551,"column":6},"end":{"line":553,"column":7}},"194":{"start":{"line":552,"column":8},"end":{"line":552,"column":31}},"195":{"start":{"line":556,"column":4},"end":{"line":556,"column":27}},"196":{"start":{"line":557,"column":4},"end":{"line":557,"column":54}},"197":{"start":{"line":559,"column":4},"end":{"line":561,"column":5}},"198":{"start":{"line":560,"column":6},"end":{"line":560,"column":79}},"199":{"start":{"line":563,"column":4},"end":{"line":567,"column":6}},"200":{"start":{"line":564,"column":6},"end":{"line":564,"column":32}},"201":{"start":{"line":565,"column":6},"end":{"line":565,"column":63}},"202":{"start":{"line":566,"column":6},"end":{"line":566,"column":19}},"203":{"start":{"line":569,"column":4},"end":{"line":578,"column":5}},"204":{"start":{"line":570,"column":6},"end":{"line":570,"column":58}},"205":{"start":{"line":571,"column":6},"end":{"line":574,"column":9}},"206":{"start":{"line":572,"column":8},"end":{"line":572,"column":41}},"207":{"start":{"line":573,"column":8},"end":{"line":573,"column":19}},"208":{"start":{"line":576,"column":6},"end":{"line":576,"column":51}},"209":{"start":{"line":577,"column":6},"end":{"line":577,"column":120}},"210":{"start":{"line":579,"column":4},"end":{"line":579,"column":18}},"211":{"start":{"line":592,"column":0},"end":{"line":631,"column":2}},"212":{"start":{"line":593,"column":2},"end":{"line":593,"column":18}},"213":{"start":{"line":594,"column":2},"end":{"line":594,"column":13}},"214":{"start":{"line":595,"column":2},"end":{"line":595,"column":20}},"215":{"start":{"line":596,"column":2},"end":{"line":598,"column":3}},"216":{"start":{"line":597,"column":4},"end":{"line":597,"column":37}},"217":{"start":{"line":599,"column":2},"end":{"line":599,"column":48}},"218":{"start":{"line":603,"column":2},"end":{"line":606,"column":3}},"219":{"start":{"line":604,"column":4},"end":{"line":604,"column":89}},"220":{"start":{"line":605,"column":4},"end":{"line":605,"column":16}},"221":{"start":{"line":608,"column":2},"end":{"line":610,"column":3}},"222":{"start":{"line":609,"column":4},"end":{"line":609,"column":16}},"223":{"start":{"line":612,"column":2},"end":{"line":628,"column":5}},"224":{"start":{"line":617,"column":4},"end":{"line":619,"column":5}},"225":{"start":{"line":618,"column":6},"end":{"line":618,"column":33}},"226":{"start":{"line":618,"column":33},"end":{"line":618,"column":40}},"227":{"start":{"line":620,"column":4},"end":{"line":620,"column":44}},"228":{"start":{"line":621,"column":4},"end":{"line":621,"column":43}},"229":{"start":{"line":622,"column":4},"end":{"line":624,"column":5}},"230":{"start":{"line":623,"column":6},"end":{"line":623,"column":25}},"231":{"start":{"line":623,"column":25},"end":{"line":623,"column":32}},"232":{"start":{"line":625,"column":4},"end":{"line":627,"column":7}},"233":{"start":{"line":626,"column":6},"end":{"line":626,"column":25}},"234":{"start":{"line":630,"column":2},"end":{"line":630,"column":16}},"235":{"start":{"line":662,"column":0},"end":{"line":692,"column":2}},"236":{"start":
[...]
ne":25,"column":18},"end":{"line":25,"column":31}}]},"4":{"line":26,"type":"if","locations":[{"start":{"line":26,"column":8},"end":{"line":26,"column":8}},{"start":{"line":26,"column":8},"end":{"line":26,"column":8}}]},"5":{"line":48,"type":"binary-expr","locations":[{"start":{"line":48,"column":19},"end":{"line":48,"column":31}},{"start":{"line":48,"column":35},"end":{"line":48,"column":37}}]}},"code":["'use strict';","","/**"," * Function library for Vorpal's out-of-the-box"," * API commands. Imported into a Vorpal server"," * through vorpal.use(module)."," */","","/**"," * Module dependencies."," */","","var _ = require('lodash');","","module.exports = function (vorpal) {","  /**","   * Help for a particular command.","   */","","  vorpal.command('help [command...]').description('Provides help for a given command.').action(function (args, cb) {","    var self = this;","    if (args.command) {","      args.command = args.command.join(' ');","      var name = _.find(this.parent.commands, { _name: String(args.command).toLowerCase().trim() });","      if (name && !name._hidden) {","        if (_.isFunction(name._help)) {","          name._help(args.command, function (str) {","            self.log(str);","            cb();","          });","          return;","        }","        this.log(name.helpInformation());","      } else {","        this.log(this.parent._commandHelp(args.command));","      }","    } else {","      this.log(this.parent._commandHelp(args.command));","    }","    cb();","  });","","  /**","   * Exits Vorpal.","   */","","  vorpal.command('exit').alias('quit').description('Exits application.').action(function (args) {","    args.options = args.options || {};","    args.options.sessionId = this.session.id;","    this.parent.exit(args.options);","  });","};"],"l":{"13":1,"15":1,"20":0,"21":0,"22":0,"23":0,"24":0,"25":0,"26":0,"27":0,"28":0,"29":0,"31":0,"33":0,"35":0,"38":0,"40":0,"47":0,"48":0,"49":0,"50":0}},"/home/travis/build/npmtest/node-npmtest-vorpal/node_modules/vorpal/dist/history.js":{"path":"/home/travis/build/npmtest/node-npmtest-vorpal/node_modules/vorpal/dist/history.js","s":{"1":1,"2":1,"3":1,"4":1,"5":1,"6":1,"7":1,"8":1,"9":0,"10":0,"11":0,"12":0,"13":0,"14":1,"15":0,"16":0,"17":0,"18":0,"19":0,"20":1,"21":0,"22":0,"23":0,"24":0,"25":1,"26":0,"27":0,"28":1,"29":0,"30":0,"31":0,"32":1,"33":0,"34":0,"35":0,"36":0,"37":0,"38":1,"39":0,"40":0,"41":1,"42":0,"43":0,"44":0,"45":0,"46":0,"47":0,"48":0,"49":0,"50":0,"51":0,"52":1,"53":0,"54":0,"55":0,"56":0,"57":0,"58":1,"59":0,"60":0,"61":0,"62":0,"63":0,"64":1,"65":0,"66":0,"67":1},"b":{"1":[0,0],"2":[0,0],"3":[0,0],"4":[0,0],"5":[0,0],"6":[0,0],"7":[0,0],"8":[0,0],"9":[0,0],"10":[0,0],"11":[0,0],"12":[0,0]},"f":{"1":0,"2":0,"3":0,"4":0,"5":0,"6":0,"7":0,"8":0,"9":0,"10":0,"11":0},"fnMap":{"1":{"name":"History","line":14,"loc":{"start":{"line":14,"column":14},"end":{"line":14,"column":33}}},"2":{"name":"(anonymous_2)","line":37,"loc":{"start":{"line":37,"column":26},"end":{"line":37,"column":38}}},"3":{"name":"(anonymous_3)","line":55,"loc":{"start":{"line":55,"column":26},"end":{"line":55,"column":40}}},"4":{"name":"(anonymous_4)","line":72,"loc":{"start":{"line":72,"column":35},"end":{"line":72,"column":51}}},"5":{"name":"(anonymous_5)","line":84,"loc":{"start":{"line":84,"column":39},"end":{"line":84,"column":51}}},"6":{"name":"(anonymous_6)","line":96,"loc":{"start":{"line":96,"column":35},"end":{"line":96,"column":47}}},"7":{"name":"(anonymous_7)","line":114,"loc":{"start":{"line":114,"column":25},"end":{"line":114,"column":42}}},"8":{"name":"(anonymous_8)","line":125,"loc":{"start":{"line":125,"column":31},"end":{"line":125,"column":46}}},"9":{"name":"(anonymous_9)","line":154,"loc":{"start":{"line":154,"column":30},"end":{"line":154,"column":42}}},"10":{"name":"(anonymous_10)","line":169,"loc":{"start":{"line":169,"column":29},"end":{"line":169,"column":41}}},"11":{"name":"(anonymous_11)","line":182,"loc":{"start":{"line":182,"column":26},"end":{"line":182,"column":38}}}},"statementMap":{"1":{"start":{"line":3,"column":0},"end":{"line":3,"column":26}},"2":{"start":{"line":4,"column":0},"end":{"line":4,"column":61}},"3":{"start":{"line":5,"column":0},"end":{"line":5,"column":27}},"4":{"start":{"line":6,"column":0},"end":{"line":6,"column":23}},"5":{"start":{"line":9,"column":0},"end":{"line":9,"column":23}},"6":{"start":{"line":11,"column":0},"end":{"line":11,"column":69}},"7":{"start":{"line":12,"column":0},"end":{"line":12,"column":32}},"8":{"start":{"line":14,"column":0},"end":{"line":30,"column":2}},"9":{"start":{"line":15,"column":2},"end":{"line":15,"column":31}},"10":{"start":{"line":21,"column":2},"end":{"line":21,"column":18}},"11":{"start":{"line":22,"column":2},"end":{"line":22,"column":20}},"12":{"start":{"line":28,"column":2},"end":{"line":28,"column":23}},"13":{"start":{"line":29,"column":2},"end":{"line":29,"column":25}},"14":{"start":{"line":37,"column":0},"end":{"line":47,"column":2}},"15":{"start":{"line":38,"column":2},"end":{"line":40,"column":3}},"16":{"start":{"line":39,"column":4},"end":{"line":39,"column":11}},"17":{"start":{"line":43,"column":2},"end":{"line":43,"column":82}},"18":{"start":{"line":44,"column":2},"end":{"line":46,"column":3}},"19":{"start":{"line":45,"column":4},"end":{"line":45,"column":61}},"20":{"start":{"line":55,"column":0},"end":{"line":63,"column":2}},"21":{"start":{"line":58,"column":2},"end":{"line":60,"column":3}},"22":{"start":{"line":59,"column":4},"end":{"line":59,"column":64}},"23":{"start":{"line":61,"column":2},"end":{"line":61,"column":41}},"24":{"start":{"line":62,"column":2},"end":{"line":62,"column":15}},"25":{"start":{"line":72,"column":0},"end":{"line":76,"column":2}},"26":{"start":{"line":73,"column":2},"end":{"line":75,"column":3}},"27":{"start":{"line":74,"column":4},"end":{"line":74,"column":48}},"28":{"start":{"line":84,"column":0},"end":{"line":88,"column":2}},"29":{"start":{"line":85,"column":2},"end":{"line":85,"column":18}},"30":{"start":{"line":86,"column":2},"end":{"line":86,"column":88}},"31":{"start":{"line":87,"column":2},"end":{"line":87,"column":55}},"32":{"start":{"line":96,"column":0},"end":{"line":106,"column":2}},"33":{"start":{"line":97,"column":2},"end":{"line":97,"column":18}},"34":{"start":{"line":100,"column":2},"end":{"line":103,"column":3}},"35":{"start":{"line":101,"column":4},"end":{"line":101,"column":22}},"36":{"start":{"line":102,"column":4},"end":{"line":102,"column":14}},"37":{"start":{"line":105,"column":2},"end":{"line":105,"column":55}},"38":{"start":{"line":114,"column":0},"end":{"line":117,"column":2}},"39":{"start":{"line":115,"column":2},"end":{"line":115,"column":21}},"40":{"start":{"line":116,"column":2},"end":{"line":116,"column":51}},"41":{"start":{"line":125,"column":0},"end":{"line":148,"column":2}},"42":{"start":{"line":127,"column":2},"end":{"line":127,"column":20}},"43":{"start":{"line":130,"column":2},"end":{"line":132,"column":3}},"44":{"start":{"line":131,"column":4},"end":{"line":131,"column":11}},"45":{"start":{"line":135,"column":2},"end":{"line":135,"column":23}},"46":{"start":{"line":138,"column":2},"end":{"line":147,"column":3}},"47":{"start":{"line":139,"column":4},"end":{"line":139,"column":38}},"48":{"start":{"line":140,"column":4},"end":{"line":140,"column":39}},"49":{"start":{"line":141,"column":4},"end":{"line":143,"column":5}},"50":{"start":{"line":142,"column":6},"end":{"line":142,"column":89}},"51":{"start":{"line":146,"column":4},"end":{"line":146,"column":83}},"52":{"start":{"line":154,"column":0},"end":{"line":163,"column":2}},"53":{"start":{"line":158,"column":2},"end":{"line":158,"column":40}},"54":{"start":{"line":159,"column":2},"end":{"line":159,"column":49}},"55":{"start":{"line":160,"column":2},"end":{"line":160,"column":18}},"56":{"start":{"line":161,"column":2},"end":{"line":161,"column":20}},"57":{"start":{"line":162,"column":2},"end":{"line":162,"column":22}},"58":{"start":{"line":169,"column":0},"end":{"line":175,"column":2}},"59":{"start":{"line":170,"column":2},"end":{"line":170,"column":31}},"60":{"start":{"line":171,"column":2},"end":{"line":171,"column":37}},"61":{"start":{"line":172,"column":2},"end":{"line":172,"column":23}},"62":{"start":{"line":173,"column":2},"end":{"line":173,"column":25}},"63":{"start":{"line":174,"column":2},"end":{"line":174,"column":23}},"64":{"start":{"line":182,"column":0},"end":{"line":186,"column":2}},"65":{"start":{"line":183,"column":2},"end":{"line":185,"column":3}},"66":{"start":{"line":184,"column":4},"end":{"line":184,"column":52}},"67":{"start":{"line":188,"column":0},"end":{"line":188,"column":25}}},"branchMap":{"1":{"line":38,"type":"if","locations":[{"start":{"line":38,"column":2},"end":{"line":38,"column":2}},{"start":{"line":38,"column":2},"end":{"line":38,"column":2}}]},"2":{"line":44,"type":"if","locations":[{"start":{"line":44,"column":2},"end":{"line":44,"column":2}},{"start":{"line":44,"column":2},"end":{"line":44,"column":2}}]},"3":{"line":58,"type":"if","locations":[{"start":{"line":58,"column":2},"end":{"line":58,"column":2}},{"start":{"line":58,"column":2},"end":{"line":58,"column":2}}]},"4":{"line":73,"type":"if","locations":[{"start":{"line":73,"column":2},"end":{"line":73,"column":2}},{"start":{"line":73,"column":2},"end":{"line":73,"column":2}}]},"5":{"line":86,"type":"cond-expr","locations":[{"start":{"line":86,"column":54},"end":{"line":86,"column":71}},{"start":{"line":86,"column":74},"end":{"line":86,"column":87}}]},"6":{"line":100,"type":"if","locations":[{"start":{"line":100,"column":2},"end":{"line":100,"column":2}},{"start":{"line":100,"column":2},"end":{"line":100,"column":2}}]},"7":{"line":115,"type":"binary-expr","locations":[{"start":{"line":115,"column":10},"end":{"line":115,"column":15}},{"start":{"line":115,"column":19},"end":{"line":115,"column":20}}]},"8":{"line":130,"type":"if","locations":[{"start":{"line":130,"column":2},"end":{"line":130,"column":2}},{"start":{"line":130,"column":2},"end":{"line":130,"column":2}}]},"9":{"line":138,"type":"if","locations":[{"start":{"line":138,"column":2},"end":{"line":138,"column":2}},{"start":{"line":138,"column":2},"end":{"line":138,"column":2}}]},"10":{"line":138,"type":"binary-expr","locations":[{"start":{"line":138,"column":6},"end":{"line":138,"column":22}},{"start":{"line":138,"column":26},"end":{"line":138,"column":39}}]},"11":{"line":141,"type":"if","locations":[{"start":{"line":141,"column":4},"end":{"line":141,"column":4}},{"start":{"line":141,"column":4},"end":{"line":141,"column":4}}]},"12":{"line":183,"type":"if","locations":[{"start":{"line":183,"column":2},"end":{"line":183,"column":2}},{"start":{"line":183,"column":2},"end":{"line":183,"column":2}}]}},"code":["'use strict';","","var _ = require('lodash');","var LocalStorage = require('node-localstorage').LocalStorage;","var path = require('path');","var os = require('os');","","// Number of command histories kept in persistent storage","var HISTORY_SIZE = 500;","","var temp = path.normalize(path.join(os.tmpdir(), '/.local_storage'));","var DEFAULT_STORAGE_PATH = temp;","","var History = function History() {","  this._storageKey = undefined;","","  // Prompt Command History","  // Histctr moves based on number of times 'up' (+= ctr)","  //  or 'down' (-= ctr) was pressed in traversing","  // command history.","  this._hist = [];","  this._histCtr = 0;","","  // When in a 'mode', we reset the","  // history and store it in a cache until","  // exiting the 'mode', at which point we","  // resume the original history.","  this._histCache = [];","  this._histCtrCache = 0;","};","","/**"," * Initialize the history with local storage data"," * Called from setId when history id is set"," */","","History.prototype._init = function () {","  if (!this._storageKey) {","    return;","  }","","  // Load history from local storage","  var persistedHistory = JSON.parse(this._localStorage.getItem(this._storageKey));","  if (_.isArray(persistedHistory)) {","    Array.prototype.push.apply(this._hist, persistedHistory);","  }","};","","/**"," * Set id for this history instance."," * Calls init internally to initialize"," * the history with the id."," */","","History.prototype.setId = function (id) {","  // Initialize a localStorage instance with default","  // path if it is not initialized","  if (!this._localStorage) {","    this._localStorage = new LocalStorage(DEFAULT_STORAGE_PATH);","  }","  this._storageKey = 'cmd_history_' + id;","  this._init();","};","","/**"," * Initialize a local storage instance with"," * the path if not already initialized."," *"," * @param path"," */","","History.prototype.setStoragePath = function (path) {","  if (!this._localStorage) {","    this._localStorage = new LocalStorage(path);","  }","};","","/**"," * Get previous history. Called when up is pressed."," *"," * @return {String}"," */","","History.prototype.getPreviousHistory = function () {","  this._histCtr++;","  this._histCtr = this._histCtr > this._hist.length ? this._hist.length : this._histCtr;","  return this._hist[this._hist.length - this._histCtr];","};","","/**"," * Get next history. Called when down is pressed."," *"," * @return {String}"," */","","History.prototype.getNextHistory = function () {","  this._histCtr--;","","  // Return empty prompt if the we dont have any history to show","  if (this._histCtr < 1) {","    this._histCtr = 0;","    return '';","  }","","  return this._hist[this._hist.length - this._histCtr];","};","","/**"," * Peek into history, without changing state"," *"," * @return {String}"," */","","History.prototype.peek = function (depth) {","  depth = depth || 0;","  return this._hist[this._hist.length - 1 - depth];","};","","/**"," * A new command was submitted. Called when enter is pressed and the prompt is not empty."," *"," * @param cmd"," */","","History.prototype.newCommand = function (cmd) {","  // Always reset history when new command is executed.","  this._histCtr = 0;","","  // Don't store command in history if it's a duplicate.","  if (this._hist[this._hist.length - 1] === cmd) {","    return;","  }","","  // Push into history.","  this._hist.push(cmd);","","  // Only persist history when not in mode","  if (this._storageKey && !this._inMode) {","    var persistedHistory = this._hist;","    var historyLen = this._hist.length;","    if (historyLen > HISTORY_SIZE) {","      persistedHistory = this._hist.slice(historyLen - HISTORY_SIZE - 1, historyLen - 1);","    }","","    // Add to local storage","    this._localStorage.setItem(this._storageKey, JSON.stringify(persistedHistory));","  }","};","","/**"," * Called when entering a mode"," */","","History.prototype.enterMode = function () {","  // Reassign the command history to a","  // cache, replacing it with a blank","  // history for the mode.","  this._histCache = _.clone(this._hist);","  this._histCtrCache = parseFloat(this._histCtr);","  this._hist = [];","  this._histCtr = 0;","  this._inMode = true;","};","","/**"," * Called when exiting a mode"," */","","History.prototype.exitMode = function () {","  this._hist = this._histCache;","  this._histCtr = this._histCtrCache;","  this._histCache = [];","  this._histCtrCache = 0;","  this._inMode = false;","};","","/**"," * Clears the command history"," * (Currently only used in unit test)"," */","","History.prototype.clear = function () {","  if (this._storageKey) {","    this._localStorage.removeItem(this._storageKey);","  }","};","","module.exports = History;"],"l":{"3":1,"4":1,"5":1,"6":1,"9":1,"11":1,"12":1,"14":1,"15":0,"21":0,"22":0,"28":0,"29":0,"37":1,"38":0,"39":0,"43":0,"44":0,"45":0,"55":1,"58":0,"59":0,"61":0,"62":0,"72":1,"73":0,"74":0,"84":1,"85":0,"86":0,"87":0,"96":1,"97":0,"100":0,"101":0,"102":0,"105":0,"114":1,"115":0,"116":0,"125":1,"127":0,"130":0,"131":0,"135":0,"138":0,"139":0,"140":0,"141":0,"142":0,"146":0,"154":1,"158":0,"159":0,"160":0,"161":0,"162":0,"169":1,"170":0,"171":0,"172":0,"173":0,"174":0,"182":1,"183":0,"184":0,"188":1}},"/home/travis/build/npmtest/node-npmtest-vorpal/node_modules/vorpal/dist/local-storage.js":{"path":"/home/travis/build/npmtest/node-npmtest-vorpal/node_modules/vorpal/dist/local-storage.js","s":{"1":1,"2":1,"3":1,"4":1,"5":1,"6":1,"7":0,"8":0,"9":0,"10":0,"11":0,"12":0,"13":0,"14":0,"15":0,"16":0,"17":0,"18":0,"19":1},"b":{"1":[0,0],"2":[0,0],"3":[0,0]},"f":{"1":0,"2":0,"3":0,"4":0,"5":0},"fnMap":{"1":{"name":"setId","line":10,"loc":{"start":{"line":10,"column":9},"end":{"line":10,"column":28}}},"2":{"name":"validate","line":18,"loc":{"start":{"line":18,"column":12},"end":{"line":18,"column":32}}},"3":{"name":"getItem","line":23,"loc":{"start":{"line":23,"column":11},"end":{"line":23,"column":40}}},"4":{"name":"setItem","line":27,"loc":{"start":{"line":27,"column":11},"end":{"line":27,"column":40}}},"5":{"name":"removeItem","line":31,"loc":{"start":{"line":31,"column":14},"end":{"line":31,"column":39}}}},"statementMap":{"1":{"start":{"line":3,"column":0},"end":{"line":3,"column":62}},"2":{"start":{"line":4,"column":0},"end":{"line":4,"column":27}},"3":{"start":{"line":5,"column":0},"end":{"line":5,"column":23}},"4":{"start":{"line":6,"column":0},"end":{"line":6,"column":70}},"5":{"start":{"line":7,"column":0},"end":{"line":7,"column":32}},"6":{"start":{"line":9,"column":0},"end":{"line":35,"column":2}},"7":{"start":{"line":11,"column":4},"end":{"line":13,"column":5}},"8":{"start":{"line":12,"column":6},"end":{"line":12,"column":86}},"9":{"start":{"line":14,"column":4},"end":{"line":16,"column":5}},"10":{"start":{"line":15,"column":6},"end":{"line":15,"column":72}},"11":{"start":{"line":19,"column":4},"end":{"line":21,"column":5}},"12":{"start":{"line":20,"column":6},"end":{"line":20,"column":88}},"13":{"start":{"line":24,"column":4},"end":{"line":24,"column":20}},"14":{"start":{"line":25,"column":4},"end":{"line":25,"column":50}},"15":{"start":{"line":28,"column":4},"end":{"line":28,"column":20}},"16":{"start":{"line":29,"column":4},"end":{"line":29,"column":50}},"17":{"start":{"line":32,"column":4},"end":{"line":32,"column":20}},"18":{"start":{"line":33,"column":4},"end":{"line":33,"column":46}},"19":{"start":{"line":37,"column":0},"end":{"line":37,"column":30}}},"branchMap":{"1":{"line":11,"type":"if","locations":[{"start":{"line":11,"column":4},"end":{"line":11,"column":4}},{"start":{"line":11,"column":4},"end":{"line":11,"column":4}}]},"2":{"line":14,"type":"if","locations":[{"start":{"line":14,"column":4},"end":{"line":14,"column":4}},{"start":{"line":14,"column":4},"end":{"line":14,"column":4}}]},"3":{"line":19,"type":"if","locations":[{"start":{"line":19,"column":4},"end":{"line":19,"column":4}},{"start":{"line":19,"column":4},"end":{"line":19,"column":4}}]}},"code":["'use strict';","","var LocalStorageO = require('node-localstorage').LocalStorage;","var path = require('path');","var os = require('os');","var temp = path.normalize(path.join(os.tmpdir(), '/.local_storage_'));","var DEFAULT_STORAGE_PATH = temp;","","var LocalStorage = {","  setId: function setId(id) {","    if (id === undefined) {","      throw new Error('vorpal.localStorage() requires a unique key to be passed in.');","    }","    if (!this._localStorage) {","      this._localStorage = new LocalStorageO(DEFAULT_STORAGE_PATH + id);","    }","  },","  validate: function validate() {","    if (this._localStorage === undefined) {","      throw new Error('Vorpal.localStorage() was not initialized before writing data.');","    }","  },","  getItem: function getItem(key, value) {","    this.validate();","    return this._localStorage.getItem(key, value);","  },","  setItem: function setItem(key, value) {","    this.validate();","    return this._localStorage.setItem(key, value);","  },","  removeItem: function removeItem(key) {","    this.validate();","    return this._localStorage.removeItem(key);","  }","};","","module.exports = LocalStorage;"],"l":{"3":1,"4":1,"5":1,"6":1,"7":1,"9":1,"11":0,"12":0,"14":0,"15":0,"19":0,"20":0,"24":0,"25":0,"28":0,"29":0,"32":0,"33":0,"37":1}}}